{"level":"info","message":"listening on port 3000","timestamp":"2018-12-18T06:07:23.372Z"}
{"level":"info","message":"listening on port 3000","timestamp":"2018-12-18T06:08:02.872Z"}
{"level":"info","message":"connected to mongodb","timestamp":"2018-12-18T06:08:03.902Z"}
{"level":"info","message":"listening on port 3000","timestamp":"2018-12-18T06:24:23.603Z"}
{"level":"info","message":"connected to mongodb","timestamp":"2018-12-18T06:24:24.693Z"}
{"level":"info","message":"listening on port 3000","timestamp":"2018-12-18T06:37:32.716Z"}
{"level":"info","message":"connected to mongodb","timestamp":"2018-12-18T06:37:33.826Z"}
{"level":"info","message":"listening on port 3000","timestamp":"2018-12-18T06:43:19.559Z"}
{"level":"info","message":"connected to mongodb","timestamp":"2018-12-18T06:43:20.713Z"}
{"level":"info","message":"listening on port 3000","timestamp":"2018-12-18T06:44:36.866Z"}
{"level":"info","message":"connected to mongodb","timestamp":"2018-12-18T06:44:37.970Z"}
{"level":"info","message":"listening on port 3000","timestamp":"2018-12-18T06:45:23.279Z"}
{"level":"info","message":"connected to mongodb","timestamp":"2018-12-18T06:45:24.369Z"}
{"level":"info","message":"listening on port 3000","timestamp":"2018-12-18T06:47:15.909Z"}
{"level":"info","message":"connected to mongodb","timestamp":"2018-12-18T06:47:17.034Z"}
{"level":"info","message":"listening on port 3000","timestamp":"2018-12-18T06:49:37.156Z"}
{"level":"info","message":"connected to mongodb","timestamp":"2018-12-18T06:49:38.278Z"}
{"level":"info","message":"listening on port 3000","timestamp":"2018-12-18T06:51:18.142Z"}
{"level":"info","message":"connected to mongodb","timestamp":"2018-12-18T06:51:19.236Z"}
{"level":"info","message":"listening on port 3000","timestamp":"2018-12-18T06:54:17.024Z"}
{"level":"info","message":"listening on port 3000","timestamp":"2018-12-18T06:54:20.641Z"}
{"level":"info","message":"connected to mongodb","timestamp":"2018-12-18T06:54:21.732Z"}
{"message":"Cannot read property 'path' of undefined","stack":"TypeError: Cannot read property 'path' of undefined\n    at router.post (H:\\pawclub\\server\\routes\\r-food.js:68:37)\n    at H:\\pawclub\\server\\node_modules\\express-async-errors\\index.js:17:17\n    at Layer.handle [as handle_request] (H:\\pawclub\\server\\node_modules\\express\\lib\\router\\layer.js:95:5)\n    at next (H:\\pawclub\\server\\node_modules\\express\\lib\\router\\route.js:137:13)\n    at Array.<anonymous> (H:\\pawclub\\server\\node_modules\\multer\\lib\\make-middleware.js:53:37)\n    at listener (H:\\pawclub\\server\\node_modules\\on-finished\\index.js:169:15)\n    at onFinish (H:\\pawclub\\server\\node_modules\\on-finished\\index.js:100:5)\n    at callback (H:\\pawclub\\server\\node_modules\\ee-first\\index.js:55:10)\n    at IncomingMessage.onevent (H:\\pawclub\\server\\node_modules\\ee-first\\index.js:93:5)\n    at emitNone (events.js:106:13)\n    at IncomingMessage.emit (events.js:208:7)\n    at endReadableNT (_stream_readable.js:1064:12)\n    at _combinedTickCallback (internal/process/next_tick.js:138:11)\n    at process._tickCallback (internal/process/next_tick.js:180:9)","level":"error","timestamp":"2018-12-18T06:54:35.280Z"}
{"level":"info","message":"listening on port 3000","timestamp":"2018-12-18T06:56:51.704Z"}
{"level":"info","message":"connected to mongodb","timestamp":"2018-12-18T06:56:52.805Z"}
{"level":"info","message":"listening on port 3000","timestamp":"2018-12-18T06:57:58.096Z"}
{"level":"info","message":"connected to mongodb","timestamp":"2018-12-18T06:57:59.213Z"}
{"level":"info","message":"listening on port 3000","timestamp":"2018-12-18T06:59:48.292Z"}
{"level":"info","message":"connected to mongodb","timestamp":"2018-12-18T06:59:49.374Z"}
{"level":"info","message":"listening on port 3000","timestamp":"2018-12-18T07:00:36.318Z"}
{"level":"info","message":"connected to mongodb","timestamp":"2018-12-18T07:00:37.402Z"}
{"message":"ENOENT: no such file or directory, open 'H:\\pawclub\\server\\uploads\\food\\Tue Dec 18 2018 12:30:46 GMT+0530 (India Standard Time)-accomodationser.png'","stack":"Error: ENOENT: no such file or directory, open 'H:\\pawclub\\server\\uploads\\food\\Tue Dec 18 2018 12:30:46 GMT+0530 (India Standard Time)-accomodationser.png'","errno":-4058,"code":"ENOENT","syscall":"open","path":"H:\\pawclub\\server\\uploads\\food\\Tue Dec 18 2018 12:30:46 GMT+0530 (India Standard Time)-accomodationser.png","storageErrors":[],"level":"error","timestamp":"2018-12-18T07:00:46.860Z"}
{"level":"info","message":"listening on port 3000","timestamp":"2018-12-18T07:01:40.397Z"}
{"level":"info","message":"connected to mongodb","timestamp":"2018-12-18T07:01:41.494Z"}
{"level":"info","message":"listening on port 3000","timestamp":"2018-12-18T07:08:57.935Z"}
{"level":"info","message":"listening on port 3000","timestamp":"2018-12-18T07:09:01.386Z"}
{"level":"info","message":"connected to mongodb","timestamp":"2018-12-18T07:09:02.468Z"}
{"level":"info","message":"listening on port 3000","timestamp":"2018-12-18T07:12:52.530Z"}
{"level":"info","message":"connected to mongodb","timestamp":"2018-12-18T07:12:53.655Z"}
{"message":"image is not defined","stack":"ReferenceError: image is not defined\n    at router.post (H:\\pawclub\\server\\routes\\r-food.js:52:5)\n    at H:\\pawclub\\server\\node_modules\\express-async-errors\\index.js:17:17\n    at Layer.handle [as handle_request] (H:\\pawclub\\server\\node_modules\\express\\lib\\router\\layer.js:95:5)\n    at next (H:\\pawclub\\server\\node_modules\\express\\lib\\router\\route.js:137:13)\n    at Immediate._onImmediate (H:\\pawclub\\server\\node_modules\\multer\\lib\\make-middleware.js:53:37)\n    at runCallback (timers.js:814:20)\n    at tryOnImmediate (timers.js:768:5)\n    at processImmediate [as _immediateCallback] (timers.js:745:5)","level":"error","timestamp":"2018-12-18T07:12:58.280Z"}
{"level":"info","message":"listening on port 3000","timestamp":"2018-12-18T07:13:37.008Z"}
{"level":"info","message":"connected to mongodb","timestamp":"2018-12-18T07:13:38.103Z"}
{"message":"image is not defined","stack":"ReferenceError: image is not defined\n    at router.post (H:\\pawclub\\server\\routes\\r-food.js:52:5)\n    at H:\\pawclub\\server\\node_modules\\express-async-errors\\index.js:17:17\n    at Layer.handle [as handle_request] (H:\\pawclub\\server\\node_modules\\express\\lib\\router\\layer.js:95:5)\n    at next (H:\\pawclub\\server\\node_modules\\express\\lib\\router\\route.js:137:13)\n    at Immediate._onImmediate (H:\\pawclub\\server\\node_modules\\multer\\lib\\make-middleware.js:53:37)\n    at runCallback (timers.js:814:20)\n    at tryOnImmediate (timers.js:768:5)\n    at processImmediate [as _immediateCallback] (timers.js:745:5)","level":"error","timestamp":"2018-12-18T07:13:41.456Z"}
{"level":"info","message":"listening on port 3000","timestamp":"2018-12-18T07:13:52.951Z"}
{"level":"info","message":"connected to mongodb","timestamp":"2018-12-18T07:13:54.022Z"}
{"message":"image is not defined","stack":"ReferenceError: image is not defined\n    at router.post (H:\\pawclub\\server\\routes\\r-food.js:52:5)\n    at H:\\pawclub\\server\\node_modules\\express-async-errors\\index.js:17:17\n    at Layer.handle [as handle_request] (H:\\pawclub\\server\\node_modules\\express\\lib\\router\\layer.js:95:5)\n    at next (H:\\pawclub\\server\\node_modules\\express\\lib\\router\\route.js:137:13)\n    at Immediate._onImmediate (H:\\pawclub\\server\\node_modules\\multer\\lib\\make-middleware.js:53:37)\n    at runCallback (timers.js:814:20)\n    at tryOnImmediate (timers.js:768:5)\n    at processImmediate [as _immediateCallback] (timers.js:745:5)","level":"error","timestamp":"2018-12-18T07:13:56.977Z"}
{"level":"info","message":"listening on port 3000","timestamp":"2018-12-18T07:15:29.863Z"}
{"level":"info","message":"connected to mongodb","timestamp":"2018-12-18T07:15:30.966Z"}
{"level":"info","message":"listening on port 3000","timestamp":"2018-12-18T07:15:42.155Z"}
{"level":"info","message":"connected to mongodb","timestamp":"2018-12-18T07:15:43.251Z"}
{"message":"image is not defined","stack":"ReferenceError: image is not defined\n    at router.post (H:\\pawclub\\server\\routes\\r-food.js:49:17)\n    at H:\\pawclub\\server\\node_modules\\express-async-errors\\index.js:17:17\n    at Layer.handle [as handle_request] (H:\\pawclub\\server\\node_modules\\express\\lib\\router\\layer.js:95:5)\n    at next (H:\\pawclub\\server\\node_modules\\express\\lib\\router\\route.js:137:13)\n    at Immediate._onImmediate (H:\\pawclub\\server\\node_modules\\multer\\lib\\make-middleware.js:53:37)\n    at runCallback (timers.js:814:20)\n    at tryOnImmediate (timers.js:768:5)\n    at processImmediate [as _immediateCallback] (timers.js:745:5)","level":"error","timestamp":"2018-12-18T07:15:46.479Z"}
{"level":"info","message":"listening on port 3000","timestamp":"2018-12-18T07:16:27.945Z"}
{"level":"info","message":"connected to mongodb","timestamp":"2018-12-18T07:16:29.013Z"}
{"message":"image is not defined","stack":"ReferenceError: image is not defined\n    at router.post (H:\\pawclub\\server\\routes\\r-food.js:52:3)\n    at H:\\pawclub\\server\\node_modules\\express-async-errors\\index.js:17:17\n    at Layer.handle [as handle_request] (H:\\pawclub\\server\\node_modules\\express\\lib\\router\\layer.js:95:5)\n    at next (H:\\pawclub\\server\\node_modules\\express\\lib\\router\\route.js:137:13)\n    at Immediate._onImmediate (H:\\pawclub\\server\\node_modules\\multer\\lib\\make-middleware.js:53:37)\n    at runCallback (timers.js:814:20)\n    at tryOnImmediate (timers.js:768:5)\n    at processImmediate [as _immediateCallback] (timers.js:745:5)","level":"error","timestamp":"2018-12-18T07:16:32.708Z"}
{"level":"info","message":"listening on port 3000","timestamp":"2018-12-18T07:17:43.367Z"}
{"level":"info","message":"connected to mongodb","timestamp":"2018-12-18T07:17:44.450Z"}
{"message":"Cannot read property 'details' of null","stack":"TypeError: Cannot read property 'details' of null\n    at router.post (H:\\pawclub\\server\\routes\\r-food.js:54:35)\n    at H:\\pawclub\\server\\node_modules\\express-async-errors\\index.js:17:17\n    at Layer.handle [as handle_request] (H:\\pawclub\\server\\node_modules\\express\\lib\\router\\layer.js:95:5)\n    at next (H:\\pawclub\\server\\node_modules\\express\\lib\\router\\route.js:137:13)\n    at Immediate._onImmediate (H:\\pawclub\\server\\node_modules\\multer\\lib\\make-middleware.js:53:37)\n    at runCallback (timers.js:814:20)\n    at tryOnImmediate (timers.js:768:5)\n    at processImmediate [as _immediateCallback] (timers.js:745:5)","level":"error","timestamp":"2018-12-18T07:17:49.559Z"}
{"level":"info","message":"listening on port 3000","timestamp":"2018-12-18T07:18:27.550Z"}
{"level":"info","message":"connected to mongodb","timestamp":"2018-12-18T07:18:28.634Z"}
{"level":"info","message":"listening on port 3000","timestamp":"2018-12-18T07:19:40.655Z"}
{"level":"info","message":"connected to mongodb","timestamp":"2018-12-18T07:19:41.724Z"}
{"level":"info","message":"listening on port 3000","timestamp":"2018-12-18T07:20:01.926Z"}
{"level":"info","message":"connected to mongodb","timestamp":"2018-12-18T07:20:03.053Z"}
{"message":"Cannot read property 'path' of undefined","stack":"TypeError: Cannot read property 'path' of undefined\n    at router.post (H:\\pawclub\\server\\routes\\r-food.js:49:26)\n    at H:\\pawclub\\server\\node_modules\\express-async-errors\\index.js:17:17\n    at Layer.handle [as handle_request] (H:\\pawclub\\server\\node_modules\\express\\lib\\router\\layer.js:95:5)\n    at next (H:\\pawclub\\server\\node_modules\\express\\lib\\router\\route.js:137:13)\n    at Array.<anonymous> (H:\\pawclub\\server\\node_modules\\multer\\lib\\make-middleware.js:53:37)\n    at listener (H:\\pawclub\\server\\node_modules\\on-finished\\index.js:169:15)\n    at onFinish (H:\\pawclub\\server\\node_modules\\on-finished\\index.js:100:5)\n    at callback (H:\\pawclub\\server\\node_modules\\ee-first\\index.js:55:10)\n    at IncomingMessage.onevent (H:\\pawclub\\server\\node_modules\\ee-first\\index.js:93:5)\n    at emitNone (events.js:106:13)\n    at IncomingMessage.emit (events.js:208:7)\n    at endReadableNT (_stream_readable.js:1064:12)\n    at _combinedTickCallback (internal/process/next_tick.js:138:11)\n    at process._tickCallback (internal/process/next_tick.js:180:9)","level":"error","timestamp":"2018-12-18T07:20:19.107Z"}
{"level":"info","message":"listening on port 3000","timestamp":"2018-12-18T07:21:57.683Z"}
{"level":"info","message":"connected to mongodb","timestamp":"2018-12-18T07:21:58.770Z"}
{"message":"Cannot read property 'path' of undefined","stack":"TypeError: Cannot read property 'path' of undefined\n    at router.post (H:\\pawclub\\server\\routes\\r-food.js:49:26)\n    at H:\\pawclub\\server\\node_modules\\express-async-errors\\index.js:17:17\n    at Layer.handle [as handle_request] (H:\\pawclub\\server\\node_modules\\express\\lib\\router\\layer.js:95:5)\n    at next (H:\\pawclub\\server\\node_modules\\express\\lib\\router\\route.js:137:13)\n    at Array.<anonymous> (H:\\pawclub\\server\\node_modules\\multer\\lib\\make-middleware.js:53:37)\n    at listener (H:\\pawclub\\server\\node_modules\\on-finished\\index.js:169:15)\n    at onFinish (H:\\pawclub\\server\\node_modules\\on-finished\\index.js:100:5)\n    at callback (H:\\pawclub\\server\\node_modules\\ee-first\\index.js:55:10)\n    at IncomingMessage.onevent (H:\\pawclub\\server\\node_modules\\ee-first\\index.js:93:5)\n    at emitNone (events.js:106:13)\n    at IncomingMessage.emit (events.js:208:7)\n    at endReadableNT (_stream_readable.js:1064:12)\n    at _combinedTickCallback (internal/process/next_tick.js:138:11)\n    at process._tickCallback (internal/process/next_tick.js:180:9)","level":"error","timestamp":"2018-12-18T07:22:03.678Z"}
{"level":"info","message":"listening on port 3000","timestamp":"2018-12-18T07:22:29.567Z"}
{"level":"info","message":"connected to mongodb","timestamp":"2018-12-18T07:22:30.688Z"}
{"message":"Cannot read property 'path' of undefined","stack":"TypeError: Cannot read property 'path' of undefined\n    at router.post (H:\\pawclub\\server\\routes\\r-food.js:49:26)\n    at H:\\pawclub\\server\\node_modules\\express-async-errors\\index.js:17:17\n    at Layer.handle [as handle_request] (H:\\pawclub\\server\\node_modules\\express\\lib\\router\\layer.js:95:5)\n    at next (H:\\pawclub\\server\\node_modules\\express\\lib\\router\\route.js:137:13)\n    at Array.<anonymous> (H:\\pawclub\\server\\node_modules\\multer\\lib\\make-middleware.js:53:37)\n    at listener (H:\\pawclub\\server\\node_modules\\on-finished\\index.js:169:15)\n    at onFinish (H:\\pawclub\\server\\node_modules\\on-finished\\index.js:100:5)\n    at callback (H:\\pawclub\\server\\node_modules\\ee-first\\index.js:55:10)\n    at IncomingMessage.onevent (H:\\pawclub\\server\\node_modules\\ee-first\\index.js:93:5)\n    at emitNone (events.js:106:13)\n    at IncomingMessage.emit (events.js:208:7)\n    at endReadableNT (_stream_readable.js:1064:12)\n    at _combinedTickCallback (internal/process/next_tick.js:138:11)\n    at process._tickCallback (internal/process/next_tick.js:180:9)","level":"error","timestamp":"2018-12-18T07:22:35.263Z"}
{"level":"info","message":"listening on port 3000","timestamp":"2018-12-18T07:23:04.486Z"}
{"level":"info","message":"connected to mongodb","timestamp":"2018-12-18T07:23:05.514Z"}
{"message":"Cannot read property 'path' of undefined","stack":"TypeError: Cannot read property 'path' of undefined\n    at router.post (H:\\pawclub\\server\\routes\\r-food.js:49:26)\n    at H:\\pawclub\\server\\node_modules\\express-async-errors\\index.js:17:17\n    at Layer.handle [as handle_request] (H:\\pawclub\\server\\node_modules\\express\\lib\\router\\layer.js:95:5)\n    at next (H:\\pawclub\\server\\node_modules\\express\\lib\\router\\route.js:137:13)\n    at Array.<anonymous> (H:\\pawclub\\server\\node_modules\\multer\\lib\\make-middleware.js:53:37)\n    at listener (H:\\pawclub\\server\\node_modules\\on-finished\\index.js:169:15)\n    at onFinish (H:\\pawclub\\server\\node_modules\\on-finished\\index.js:100:5)\n    at callback (H:\\pawclub\\server\\node_modules\\ee-first\\index.js:55:10)\n    at IncomingMessage.onevent (H:\\pawclub\\server\\node_modules\\ee-first\\index.js:93:5)\n    at emitNone (events.js:106:13)\n    at IncomingMessage.emit (events.js:208:7)\n    at endReadableNT (_stream_readable.js:1064:12)\n    at _combinedTickCallback (internal/process/next_tick.js:138:11)\n    at process._tickCallback (internal/process/next_tick.js:180:9)","level":"error","timestamp":"2018-12-18T07:25:23.431Z"}
{"level":"info","message":"listening on port 3000","timestamp":"2018-12-18T07:25:39.473Z"}
{"level":"info","message":"connected to mongodb","timestamp":"2018-12-18T07:25:40.603Z"}
{"message":"Cannot read property 'path' of undefined","stack":"TypeError: Cannot read property 'path' of undefined\n    at router.post (H:\\pawclub\\server\\routes\\r-food.js:49:26)\n    at H:\\pawclub\\server\\node_modules\\express-async-errors\\index.js:17:17\n    at Layer.handle [as handle_request] (H:\\pawclub\\server\\node_modules\\express\\lib\\router\\layer.js:95:5)\n    at next (H:\\pawclub\\server\\node_modules\\express\\lib\\router\\route.js:137:13)\n    at Array.<anonymous> (H:\\pawclub\\server\\node_modules\\multer\\lib\\make-middleware.js:53:37)\n    at listener (H:\\pawclub\\server\\node_modules\\on-finished\\index.js:169:15)\n    at onFinish (H:\\pawclub\\server\\node_modules\\on-finished\\index.js:100:5)\n    at callback (H:\\pawclub\\server\\node_modules\\ee-first\\index.js:55:10)\n    at IncomingMessage.onevent (H:\\pawclub\\server\\node_modules\\ee-first\\index.js:93:5)\n    at emitNone (events.js:106:13)\n    at IncomingMessage.emit (events.js:208:7)\n    at endReadableNT (_stream_readable.js:1064:12)\n    at _combinedTickCallback (internal/process/next_tick.js:138:11)\n    at process._tickCallback (internal/process/next_tick.js:180:9)","level":"error","timestamp":"2018-12-18T07:25:50.975Z"}
{"level":"info","message":"listening on port 3000","timestamp":"2018-12-18T07:28:25.426Z"}
{"level":"info","message":"connected to mongodb","timestamp":"2018-12-18T07:28:26.504Z"}
{"level":"info","message":"listening on port 3000","timestamp":"2018-12-18T07:29:11.195Z"}
{"level":"info","message":"connected to mongodb","timestamp":"2018-12-18T07:29:12.282Z"}
{"level":"info","message":"listening on port 3000","timestamp":"2018-12-18T07:31:35.797Z"}
{"level":"info","message":"connected to mongodb","timestamp":"2018-12-18T07:31:36.873Z"}
{"message":"ENOENT: no such file or directory, open 'H:\\pawclub\\server\\uploads\\food\\2018-12-18T07:32:00.276Z-bookinghomestay.jpg'","stack":"Error: ENOENT: no such file or directory, open 'H:\\pawclub\\server\\uploads\\food\\2018-12-18T07:32:00.276Z-bookinghomestay.jpg'","errno":-4058,"code":"ENOENT","syscall":"open","path":"H:\\pawclub\\server\\uploads\\food\\2018-12-18T07:32:00.276Z-bookinghomestay.jpg","storageErrors":[],"level":"error","timestamp":"2018-12-18T07:32:00.300Z"}
{"level":"info","message":"listening on port 3000","timestamp":"2018-12-18T07:33:22.855Z"}
{"level":"info","message":"connected to mongodb","timestamp":"2018-12-18T07:33:23.941Z"}
{"level":"info","message":"listening on port 3000","timestamp":"2018-12-18T07:35:10.244Z"}
{"level":"info","message":"connected to mongodb","timestamp":"2018-12-18T07:35:11.350Z"}
{"message":"ENOENT: no such file or directory, open 'H:\\pawclub\\server\\uploads\\food\\2018-12-18T07:35:14.965Z-bookinghomestay.jpg'","stack":"Error: ENOENT: no such file or directory, open 'H:\\pawclub\\server\\uploads\\food\\2018-12-18T07:35:14.965Z-bookinghomestay.jpg'","errno":-4058,"code":"ENOENT","syscall":"open","path":"H:\\pawclub\\server\\uploads\\food\\2018-12-18T07:35:14.965Z-bookinghomestay.jpg","storageErrors":[],"level":"error","timestamp":"2018-12-18T07:35:14.990Z"}
{"level":"info","message":"listening on port 3000","timestamp":"2018-12-18T07:35:46.276Z"}
{"level":"info","message":"connected to mongodb","timestamp":"2018-12-18T07:35:47.396Z"}
{"message":"ENOENT: no such file or directory, open 'H:\\pawclub\\server\\uploads\\food\\2018-12-18T07:35:49.534Zbookinghomestay.jpg'","stack":"Error: ENOENT: no such file or directory, open 'H:\\pawclub\\server\\uploads\\food\\2018-12-18T07:35:49.534Zbookinghomestay.jpg'","errno":-4058,"code":"ENOENT","syscall":"open","path":"H:\\pawclub\\server\\uploads\\food\\2018-12-18T07:35:49.534Zbookinghomestay.jpg","storageErrors":[],"level":"error","timestamp":"2018-12-18T07:35:49.559Z"}
{"level":"info","message":"listening on port 3000","timestamp":"2018-12-18T07:36:38.893Z"}
{"level":"info","message":"connected to mongodb","timestamp":"2018-12-18T07:36:40.011Z"}
{"level":"info","message":"listening on port 3000","timestamp":"2018-12-18T07:38:13.353Z"}
{"level":"info","message":"connected to mongodb","timestamp":"2018-12-18T07:38:14.433Z"}
{"level":"info","message":"listening on port 3000","timestamp":"2018-12-18T07:46:15.232Z"}
{"level":"info","message":"connected to mongodb","timestamp":"2018-12-18T07:46:16.323Z"}
{"level":"info","message":"listening on port 3000","timestamp":"2018-12-18T07:48:10.507Z"}
{"level":"info","message":"connected to mongodb","timestamp":"2018-12-18T07:48:11.580Z"}
{"level":"info","message":"listening on port 3000","timestamp":"2018-12-18T07:58:45.551Z"}
{"level":"info","message":"connected to mongodb","timestamp":"2018-12-18T07:58:46.652Z"}
{"level":"info","message":"listening on port 3000","timestamp":"2018-12-18T07:58:56.982Z"}
{"level":"info","message":"connected to mongodb","timestamp":"2018-12-18T07:58:58.125Z"}
{"level":"info","message":"listening on port 3000","timestamp":"2018-12-18T07:59:15.947Z"}
{"level":"info","message":"connected to mongodb","timestamp":"2018-12-18T07:59:17.049Z"}
{"level":"info","message":"listening on port 3000","timestamp":"2018-12-18T07:59:24.851Z"}
{"level":"info","message":"connected to mongodb","timestamp":"2018-12-18T07:59:25.992Z"}
{"level":"info","message":"listening on port 3000","timestamp":"2018-12-18T08:03:19.728Z"}
{"level":"info","message":"connected to mongodb","timestamp":"2018-12-18T08:03:20.753Z"}
{"level":"info","message":"listening on port 3000","timestamp":"2018-12-18T08:04:17.020Z"}
{"level":"info","message":"connected to mongodb","timestamp":"2018-12-18T08:04:18.121Z"}
{"level":"info","message":"listening on port 3000","timestamp":"2018-12-18T08:04:33.382Z"}
{"level":"info","message":"connected to mongodb","timestamp":"2018-12-18T08:04:34.469Z"}
{"level":"info","message":"listening on port 3000","timestamp":"2018-12-18T08:05:59.701Z"}
{"level":"info","message":"connected to mongodb","timestamp":"2018-12-18T08:06:00.783Z"}
{"level":"info","message":"listening on port 3000","timestamp":"2018-12-18T08:06:30.716Z"}
{"level":"info","message":"connected to mongodb","timestamp":"2018-12-18T08:06:31.817Z"}
{"level":"info","message":"listening on port 3000","timestamp":"2018-12-18T08:06:57.022Z"}
{"level":"info","message":"connected to mongodb","timestamp":"2018-12-18T08:06:58.135Z"}
{"level":"info","message":"listening on port 3000","timestamp":"2018-12-18T08:07:58.831Z"}
{"level":"info","message":"connected to mongodb","timestamp":"2018-12-18T08:07:59.927Z"}
{"level":"info","message":"listening on port 3000","timestamp":"2018-12-18T08:09:33.180Z"}
{"level":"info","message":"listening on port 3000","timestamp":"2018-12-18T08:09:36.581Z"}
{"level":"info","message":"connected to mongodb","timestamp":"2018-12-18T08:09:37.688Z"}
{"level":"info","message":"listening on port 3000","timestamp":"2018-12-18T08:09:47.425Z"}
{"level":"info","message":"connected to mongodb","timestamp":"2018-12-18T08:09:48.531Z"}
{"level":"info","message":"listening on port 3000","timestamp":"2018-12-18T08:11:17.753Z"}
{"level":"info","message":"connected to mongodb","timestamp":"2018-12-18T08:11:18.831Z"}
{"level":"info","message":"listening on port 3000","timestamp":"2018-12-18T08:13:37.382Z"}
{"level":"info","message":"connected to mongodb","timestamp":"2018-12-18T08:13:38.448Z"}
{"level":"info","message":"listening on port 3000","timestamp":"2018-12-18T08:14:43.943Z"}
{"level":"info","message":"connected to mongodb","timestamp":"2018-12-18T08:14:45.035Z"}
{"level":"info","message":"listening on port 3000","timestamp":"2018-12-18T08:22:33.418Z"}
{"level":"info","message":"connected to mongodb","timestamp":"2018-12-18T08:22:34.521Z"}
{"level":"info","message":"listening on port 3000","timestamp":"2018-12-18T08:24:44.134Z"}
{"level":"info","message":"connected to mongodb","timestamp":"2018-12-18T08:24:45.224Z"}
{"level":"info","message":"listening on port 3000","timestamp":"2018-12-18T08:27:04.255Z"}
{"level":"info","message":"connected to mongodb","timestamp":"2018-12-18T08:27:05.330Z"}
{"level":"info","message":"listening on port 3000","timestamp":"2018-12-18T08:29:25.495Z"}
{"level":"info","message":"connected to mongodb","timestamp":"2018-12-18T08:29:26.578Z"}
{"level":"info","message":"listening on port 3000","timestamp":"2018-12-18T08:29:54.896Z"}
{"level":"info","message":"connected to mongodb","timestamp":"2018-12-18T08:29:55.984Z"}
{"level":"info","message":"listening on port 3000","timestamp":"2018-12-18T08:30:31.585Z"}
{"level":"info","message":"connected to mongodb","timestamp":"2018-12-18T08:30:32.657Z"}
{"message":"Cannot read property 'path' of undefined","stack":"TypeError: Cannot read property 'path' of undefined\n    at router.put (H:\\pawclub\\server\\routes\\r-food.js:72:26)\n    at H:\\pawclub\\server\\node_modules\\express-async-errors\\index.js:17:17\n    at Layer.handle [as handle_request] (H:\\pawclub\\server\\node_modules\\express\\lib\\router\\layer.js:95:5)\n    at next (H:\\pawclub\\server\\node_modules\\express\\lib\\router\\route.js:137:13)\n    at Array.<anonymous> (H:\\pawclub\\server\\node_modules\\multer\\lib\\make-middleware.js:53:37)\n    at listener (H:\\pawclub\\server\\node_modules\\on-finished\\index.js:169:15)\n    at onFinish (H:\\pawclub\\server\\node_modules\\on-finished\\index.js:100:5)\n    at callback (H:\\pawclub\\server\\node_modules\\ee-first\\index.js:55:10)\n    at IncomingMessage.onevent (H:\\pawclub\\server\\node_modules\\ee-first\\index.js:93:5)\n    at emitNone (events.js:106:13)\n    at IncomingMessage.emit (events.js:208:7)\n    at endReadableNT (_stream_readable.js:1064:12)\n    at _combinedTickCallback (internal/process/next_tick.js:138:11)\n    at process._tickCallback (internal/process/next_tick.js:180:9)","level":"error","timestamp":"2018-12-18T08:31:27.996Z"}
{"level":"info","message":"listening on port 3000","timestamp":"2018-12-18T08:32:25.935Z"}
{"level":"info","message":"connected to mongodb","timestamp":"2018-12-18T08:32:27.019Z"}
{"level":"info","message":"listening on port 3000","timestamp":"2018-12-18T08:32:50.391Z"}
{"level":"info","message":"connected to mongodb","timestamp":"2018-12-18T08:32:51.491Z"}
{"level":"info","message":"listening on port 3000","timestamp":"2018-12-18T08:35:31.287Z"}
{"level":"info","message":"connected to mongodb","timestamp":"2018-12-18T08:35:32.395Z"}
{"level":"info","message":"listening on port 3000","timestamp":"2018-12-18T08:35:50.246Z"}
{"level":"info","message":"connected to mongodb","timestamp":"2018-12-18T08:35:51.337Z"}
{"level":"info","message":"listening on port 3000","timestamp":"2018-12-18T08:37:37.842Z"}
{"level":"info","message":"connected to mongodb","timestamp":"2018-12-18T08:37:38.875Z"}
{"level":"info","message":"listening on port 3000","timestamp":"2018-12-18T08:39:59.560Z"}
{"level":"info","message":"listening on port 3000","timestamp":"2018-12-18T08:40:04.016Z"}
{"level":"info","message":"connected to mongodb","timestamp":"2018-12-18T08:40:05.083Z"}
{"level":"info","message":"listening on port 3000","timestamp":"2018-12-18T08:41:43.590Z"}
{"level":"info","message":"connected to mongodb","timestamp":"2018-12-18T08:41:44.677Z"}
{"level":"info","message":"listening on port 3000","timestamp":"2018-12-18T08:44:04.758Z"}
{"level":"info","message":"connected to mongodb","timestamp":"2018-12-18T08:44:05.838Z"}
{"level":"info","message":"listening on port 3000","timestamp":"2018-12-18T08:51:52.048Z"}
{"level":"info","message":"connected to mongodb","timestamp":"2018-12-18T08:51:53.158Z"}
{"level":"info","message":"listening on port 3000","timestamp":"2018-12-18T08:52:57.647Z"}
{"level":"info","message":"connected to mongodb","timestamp":"2018-12-18T08:52:58.740Z"}
{"level":"info","message":"listening on port 3000","timestamp":"2018-12-18T08:54:22.956Z"}
{"level":"info","message":"connected to mongodb","timestamp":"2018-12-18T08:54:24.042Z"}
{"level":"info","message":"listening on port 3000","timestamp":"2018-12-18T08:55:04.024Z"}
{"level":"info","message":"connected to mongodb","timestamp":"2018-12-18T08:55:05.128Z"}
{"level":"info","message":"listening on port 3000","timestamp":"2018-12-18T08:55:19.567Z"}
{"level":"info","message":"connected to mongodb","timestamp":"2018-12-18T08:55:20.655Z"}
{"level":"info","message":"listening on port 3000","timestamp":"2018-12-18T08:55:41.049Z"}
{"level":"info","message":"connected to mongodb","timestamp":"2018-12-18T08:55:42.073Z"}
{"level":"info","message":"listening on port 3000","timestamp":"2018-12-18T08:56:48.122Z"}
{"level":"info","message":"connected to mongodb","timestamp":"2018-12-18T08:56:49.146Z"}
{"level":"info","message":"listening on port 3000","timestamp":"2018-12-18T08:57:19.755Z"}
{"level":"info","message":"connected to mongodb","timestamp":"2018-12-18T08:57:20.782Z"}
{"level":"info","message":"listening on port 3000","timestamp":"2018-12-18T09:02:18.362Z"}
{"level":"info","message":"connected to mongodb","timestamp":"2018-12-18T09:02:19.391Z"}
{"level":"info","message":"listening on port 3000","timestamp":"2018-12-18T09:02:53.103Z"}
{"level":"info","message":"connected to mongodb","timestamp":"2018-12-18T09:02:54.152Z"}
{"level":"info","message":"listening on port 3000","timestamp":"2018-12-18T09:03:44.766Z"}
{"level":"info","message":"listening on port 3000","timestamp":"2018-12-18T09:03:48.274Z"}
{"level":"info","message":"connected to mongodb","timestamp":"2018-12-18T09:03:49.323Z"}
{"level":"info","message":"listening on port 3000","timestamp":"2018-12-18T09:04:27.717Z"}
{"level":"info","message":"connected to mongodb","timestamp":"2018-12-18T09:04:28.766Z"}
{"level":"info","message":"listening on port 3000","timestamp":"2018-12-18T09:05:23.184Z"}
{"level":"info","message":"connected to mongodb","timestamp":"2018-12-18T09:05:24.244Z"}
{"level":"info","message":"listening on port 3000","timestamp":"2018-12-18T09:07:23.885Z"}
{"level":"info","message":"connected to mongodb","timestamp":"2018-12-18T09:07:24.911Z"}
{"message":"Can't set headers after they are sent.","stack":"Error: Can't set headers after they are sent.\n    at validateHeader (_http_outgoing.js:491:11)\n    at ServerResponse.setHeader (_http_outgoing.js:498:3)\n    at ServerResponse.header (H:\\pawclub\\server\\node_modules\\express\\lib\\response.js:767:10)\n    at ServerResponse.send (H:\\pawclub\\server\\node_modules\\express\\lib\\response.js:170:12)\n    at auth (H:\\pawclub\\server\\middelware\\auth.js:15:21)\n    at H:\\pawclub\\server\\node_modules\\express-async-errors\\index.js:17:17\n    at Layer.handle [as handle_request] (H:\\pawclub\\server\\node_modules\\express\\lib\\router\\layer.js:95:5)\n    at next (H:\\pawclub\\server\\node_modules\\express\\lib\\router\\route.js:137:13)\n    at Route.dispatch (H:\\pawclub\\server\\node_modules\\express\\lib\\router\\route.js:112:3)\n    at H:\\pawclub\\server\\node_modules\\express-async-errors\\index.js:17:17\n    at Layer.handle [as handle_request] (H:\\pawclub\\server\\node_modules\\express\\lib\\router\\layer.js:95:5)\n    at H:\\pawclub\\server\\node_modules\\express\\lib\\router\\index.js:281:22\n    at Function.process_params (H:\\pawclub\\server\\node_modules\\express\\lib\\router\\index.js:335:12)\n    at next (H:\\pawclub\\server\\node_modules\\express\\lib\\router\\index.js:275:10)\n    at Function.handle (H:\\pawclub\\server\\node_modules\\express\\lib\\router\\index.js:174:3)\n    at router (H:\\pawclub\\server\\node_modules\\express\\lib\\router\\index.js:47:12)","level":"error","timestamp":"2018-12-18T09:08:54.256Z"}
{"level":"info","message":"listening on port 3000","timestamp":"2018-12-18T09:09:42.659Z"}
{"level":"info","message":"listening on port 3000","timestamp":"2018-12-18T09:09:46.016Z"}
{"level":"info","message":"connected to mongodb","timestamp":"2018-12-18T09:09:47.045Z"}
{"level":"info","message":"listening on port 3000","timestamp":"2018-12-18T09:11:29.871Z"}
{"level":"info","message":"connected to mongodb","timestamp":"2018-12-18T09:11:30.923Z"}
{"message":"Can't set headers after they are sent.","stack":"Error: Can't set headers after they are sent.\n    at validateHeader (_http_outgoing.js:491:11)\n    at ServerResponse.setHeader (_http_outgoing.js:498:3)\n    at ServerResponse.header (H:\\pawclub\\server\\node_modules\\express\\lib\\response.js:767:10)\n    at ServerResponse.send (H:\\pawclub\\server\\node_modules\\express\\lib\\response.js:170:12)\n    at auth (H:\\pawclub\\server\\middelware\\auth.js:15:21)\n    at H:\\pawclub\\server\\node_modules\\express-async-errors\\index.js:17:17\n    at Layer.handle [as handle_request] (H:\\pawclub\\server\\node_modules\\express\\lib\\router\\layer.js:95:5)\n    at next (H:\\pawclub\\server\\node_modules\\express\\lib\\router\\route.js:137:13)\n    at Route.dispatch (H:\\pawclub\\server\\node_modules\\express\\lib\\router\\route.js:112:3)\n    at H:\\pawclub\\server\\node_modules\\express-async-errors\\index.js:17:17\n    at Layer.handle [as handle_request] (H:\\pawclub\\server\\node_modules\\express\\lib\\router\\layer.js:95:5)\n    at H:\\pawclub\\server\\node_modules\\express\\lib\\router\\index.js:281:22\n    at Function.process_params (H:\\pawclub\\server\\node_modules\\express\\lib\\router\\index.js:335:12)\n    at next (H:\\pawclub\\server\\node_modules\\express\\lib\\router\\index.js:275:10)\n    at Function.handle (H:\\pawclub\\server\\node_modules\\express\\lib\\router\\index.js:174:3)\n    at router (H:\\pawclub\\server\\node_modules\\express\\lib\\router\\index.js:47:12)","level":"error","timestamp":"2018-12-18T09:11:55.803Z"}
{"message":"Can't set headers after they are sent.","stack":"Error: Can't set headers after they are sent.\n    at validateHeader (_http_outgoing.js:491:11)\n    at ServerResponse.setHeader (_http_outgoing.js:498:3)\n    at ServerResponse.header (H:\\pawclub\\server\\node_modules\\express\\lib\\response.js:767:10)\n    at ServerResponse.send (H:\\pawclub\\server\\node_modules\\express\\lib\\response.js:170:12)\n    at auth (H:\\pawclub\\server\\middelware\\auth.js:15:21)\n    at H:\\pawclub\\server\\node_modules\\express-async-errors\\index.js:17:17\n    at Layer.handle [as handle_request] (H:\\pawclub\\server\\node_modules\\express\\lib\\router\\layer.js:95:5)\n    at next (H:\\pawclub\\server\\node_modules\\express\\lib\\router\\route.js:137:13)\n    at Route.dispatch (H:\\pawclub\\server\\node_modules\\express\\lib\\router\\route.js:112:3)\n    at H:\\pawclub\\server\\node_modules\\express-async-errors\\index.js:17:17\n    at Layer.handle [as handle_request] (H:\\pawclub\\server\\node_modules\\express\\lib\\router\\layer.js:95:5)\n    at H:\\pawclub\\server\\node_modules\\express\\lib\\router\\index.js:281:22\n    at param (H:\\pawclub\\server\\node_modules\\express\\lib\\router\\index.js:354:14)\n    at param (H:\\pawclub\\server\\node_modules\\express\\lib\\router\\index.js:365:14)\n    at Function.process_params (H:\\pawclub\\server\\node_modules\\express\\lib\\router\\index.js:410:3)\n    at next (H:\\pawclub\\server\\node_modules\\express\\lib\\router\\index.js:275:10)","level":"error","timestamp":"2018-12-18T09:12:49.047Z"}
{"message":"Can't set headers after they are sent.","stack":"Error: Can't set headers after they are sent.\n    at validateHeader (_http_outgoing.js:491:11)\n    at ServerResponse.setHeader (_http_outgoing.js:498:3)\n    at ServerResponse.header (H:\\pawclub\\server\\node_modules\\express\\lib\\response.js:767:10)\n    at ServerResponse.send (H:\\pawclub\\server\\node_modules\\express\\lib\\response.js:170:12)\n    at auth (H:\\pawclub\\server\\middelware\\auth.js:15:21)\n    at H:\\pawclub\\server\\node_modules\\express-async-errors\\index.js:17:17\n    at Layer.handle [as handle_request] (H:\\pawclub\\server\\node_modules\\express\\lib\\router\\layer.js:95:5)\n    at next (H:\\pawclub\\server\\node_modules\\express\\lib\\router\\route.js:137:13)\n    at Route.dispatch (H:\\pawclub\\server\\node_modules\\express\\lib\\router\\route.js:112:3)\n    at H:\\pawclub\\server\\node_modules\\express-async-errors\\index.js:17:17\n    at Layer.handle [as handle_request] (H:\\pawclub\\server\\node_modules\\express\\lib\\router\\layer.js:95:5)\n    at H:\\pawclub\\server\\node_modules\\express\\lib\\router\\index.js:281:22\n    at Function.process_params (H:\\pawclub\\server\\node_modules\\express\\lib\\router\\index.js:335:12)\n    at next (H:\\pawclub\\server\\node_modules\\express\\lib\\router\\index.js:275:10)\n    at Function.handle (H:\\pawclub\\server\\node_modules\\express\\lib\\router\\index.js:174:3)\n    at router (H:\\pawclub\\server\\node_modules\\express\\lib\\router\\index.js:47:12)","level":"error","timestamp":"2018-12-18T09:13:23.558Z"}
{"level":"info","message":"listening on port 3000","timestamp":"2018-12-18T09:15:36.981Z"}
{"level":"info","message":"connected to mongodb","timestamp":"2018-12-18T09:15:38.008Z"}
{"level":"info","message":"listening on port 3000","timestamp":"2018-12-18T09:15:53.379Z"}
{"level":"info","message":"connected to mongodb","timestamp":"2018-12-18T09:15:54.427Z"}
{"level":"info","message":"listening on port 3000","timestamp":"2018-12-18T09:27:05.493Z"}
{"level":"info","message":"connected to mongodb","timestamp":"2018-12-18T09:27:06.556Z"}
{"level":"info","message":"listening on port 3000","timestamp":"2018-12-19T04:08:03.007Z"}
{"level":"info","message":"listening on port 3000","timestamp":"2018-12-19T04:08:06.837Z"}
{"level":"info","message":"connected to mongodb","timestamp":"2018-12-19T04:08:07.913Z"}
{"level":"info","message":"listening on port 3000","timestamp":"2018-12-19T04:08:48.352Z"}
{"level":"info","message":"connected to mongodb","timestamp":"2018-12-19T04:08:49.423Z"}
{"level":"info","message":"listening on port 3000","timestamp":"2018-12-19T04:23:33.197Z"}
{"level":"info","message":"connected to mongodb","timestamp":"2018-12-19T04:23:34.241Z"}
{"level":"info","message":"listening on port 3000","timestamp":"2018-12-19T04:24:46.046Z"}
{"level":"info","message":"connected to mongodb","timestamp":"2018-12-19T04:24:47.097Z"}
{"message":"Can't set headers after they are sent.","stack":"Error: Can't set headers after they are sent.\n    at validateHeader (_http_outgoing.js:491:11)\n    at ServerResponse.setHeader (_http_outgoing.js:498:3)\n    at ServerResponse.header (H:\\pawclub\\server\\node_modules\\express\\lib\\response.js:767:10)\n    at ServerResponse.send (H:\\pawclub\\server\\node_modules\\express\\lib\\response.js:170:12)\n    at ServerResponse.json (H:\\pawclub\\server\\node_modules\\express\\lib\\response.js:267:15)\n    at ServerResponse.send (H:\\pawclub\\server\\node_modules\\express\\lib\\response.js:158:21)\n    at exports.register (H:\\pawclub\\server\\controller\\users.js:52:22)\n    at <anonymous>\n    at process._tickCallback (internal/process/next_tick.js:188:7)","level":"error","timestamp":"2018-12-19T04:26:43.270Z"}
{"level":"info","message":"listening on port 3000","timestamp":"2018-12-19T04:28:37.882Z"}
{"level":"info","message":"connected to mongodb","timestamp":"2018-12-19T04:28:38.916Z"}
{"message":"E11000 duplicate key error collection: pawclub.users index: phoneno_1 dup key: { : \"82772733724\" }","name":"MongoError","driver":true,"stack":"MongoError: E11000 duplicate key error collection: pawclub.users index: phoneno_1 dup key: { : \"82772733724\" }\n    at Function.MongoError.create (H:\\pawclub\\server\\node_modules\\mongodb-core\\lib\\error.js:49:10)\n    at toError (H:\\pawclub\\server\\node_modules\\mongodb\\lib\\utils.js:149:22)\n    at coll.s.topology.insert (H:\\pawclub\\server\\node_modules\\mongodb\\lib\\operations\\collection_ops.js:803:39)\n    at H:\\pawclub\\server\\node_modules\\mongodb-core\\lib\\connection\\pool.js:531:18\n    at _combinedTickCallback (internal/process/next_tick.js:131:7)\n    at process._tickCallback (internal/process/next_tick.js:180:9)","index":0,"code":11000,"errmsg":"E11000 duplicate key error collection: pawclub.users index: phoneno_1 dup key: { : \"82772733724\" }","level":"error","timestamp":"2018-12-19T04:29:19.414Z"}
{"message":"E11000 duplicate key error collection: pawclub.users index: phoneno_1 dup key: { : \"1112222112111\" }","name":"MongoError","driver":true,"stack":"MongoError: E11000 duplicate key error collection: pawclub.users index: phoneno_1 dup key: { : \"1112222112111\" }\n    at Function.MongoError.create (H:\\pawclub\\server\\node_modules\\mongodb-core\\lib\\error.js:49:10)\n    at toError (H:\\pawclub\\server\\node_modules\\mongodb\\lib\\utils.js:149:22)\n    at coll.s.topology.insert (H:\\pawclub\\server\\node_modules\\mongodb\\lib\\operations\\collection_ops.js:803:39)\n    at H:\\pawclub\\server\\node_modules\\mongodb-core\\lib\\connection\\pool.js:531:18\n    at _combinedTickCallback (internal/process/next_tick.js:131:7)\n    at process._tickCallback (internal/process/next_tick.js:180:9)","index":0,"code":11000,"errmsg":"E11000 duplicate key error collection: pawclub.users index: phoneno_1 dup key: { : \"1112222112111\" }","level":"error","timestamp":"2018-12-19T04:29:57.880Z"}
{"level":"info","message":"listening on port 3000","timestamp":"2018-12-19T04:30:07.116Z"}
{"level":"info","message":"connected to mongodb","timestamp":"2018-12-19T04:30:08.153Z"}
{"message":"Can't set headers after they are sent.","stack":"Error: Can't set headers after they are sent.\n    at validateHeader (_http_outgoing.js:491:11)\n    at ServerResponse.setHeader (_http_outgoing.js:498:3)\n    at ServerResponse.header (H:\\pawclub\\server\\node_modules\\express\\lib\\response.js:767:10)\n    at ServerResponse.send (H:\\pawclub\\server\\node_modules\\express\\lib\\response.js:170:12)\n    at ServerResponse.json (H:\\pawclub\\server\\node_modules\\express\\lib\\response.js:267:15)\n    at ServerResponse.send (H:\\pawclub\\server\\node_modules\\express\\lib\\response.js:158:21)\n    at exports.register (H:\\pawclub\\server\\controller\\users.js:52:22)\n    at <anonymous>\n    at process._tickCallback (internal/process/next_tick.js:188:7)","level":"error","timestamp":"2018-12-19T04:30:21.449Z"}
{"level":"info","message":"listening on port 3000","timestamp":"2018-12-19T04:32:40.614Z"}
{"level":"info","message":"connected to mongodb","timestamp":"2018-12-19T04:32:41.649Z"}
{"level":"info","message":"listening on port 3000","timestamp":"2018-12-19T04:34:13.135Z"}
{"level":"info","message":"connected to mongodb","timestamp":"2018-12-19T04:34:14.160Z"}
{"message":"Can't set headers after they are sent.","stack":"Error: Can't set headers after they are sent.\n    at validateHeader (_http_outgoing.js:491:11)\n    at ServerResponse.setHeader (_http_outgoing.js:498:3)\n    at ServerResponse.header (H:\\pawclub\\server\\node_modules\\express\\lib\\response.js:767:10)\n    at ServerResponse.send (H:\\pawclub\\server\\node_modules\\express\\lib\\response.js:170:12)\n    at ServerResponse.json (H:\\pawclub\\server\\node_modules\\express\\lib\\response.js:267:15)\n    at ServerResponse.send (H:\\pawclub\\server\\node_modules\\express\\lib\\response.js:158:21)\n    at exports.register (H:\\pawclub\\server\\controller\\users.js:52:22)\n    at <anonymous>\n    at process._tickCallback (internal/process/next_tick.js:188:7)","level":"error","timestamp":"2018-12-19T04:34:26.703Z"}
{"level":"info","message":"listening on port 3000","timestamp":"2018-12-19T04:35:14.895Z"}
{"level":"info","message":"connected to mongodb","timestamp":"2018-12-19T04:35:15.957Z"}
{"level":"info","message":"listening on port 3000","timestamp":"2018-12-19T04:35:28.477Z"}
{"level":"info","message":"connected to mongodb","timestamp":"2018-12-19T04:35:29.533Z"}
{"level":"info","message":"listening on port 3000","timestamp":"2018-12-19T04:37:37.546Z"}
{"level":"info","message":"connected to mongodb","timestamp":"2018-12-19T04:37:38.569Z"}
{"level":"info","message":"listening on port 3000","timestamp":"2018-12-19T04:38:09.300Z"}
{"level":"info","message":"connected to mongodb","timestamp":"2018-12-19T04:38:10.345Z"}
{"message":"Can't set headers after they are sent.","stack":"Error: Can't set headers after they are sent.\n    at validateHeader (_http_outgoing.js:491:11)\n    at ServerResponse.setHeader (_http_outgoing.js:498:3)\n    at ServerResponse.header (H:\\pawclub\\server\\node_modules\\express\\lib\\response.js:767:10)\n    at ServerResponse.send (H:\\pawclub\\server\\node_modules\\express\\lib\\response.js:170:12)\n    at ServerResponse.json (H:\\pawclub\\server\\node_modules\\express\\lib\\response.js:267:15)\n    at ServerResponse.send (H:\\pawclub\\server\\node_modules\\express\\lib\\response.js:158:21)\n    at exports.register (H:\\pawclub\\server\\controller\\users.js:52:22)\n    at <anonymous>\n    at process._tickCallback (internal/process/next_tick.js:188:7)","level":"error","timestamp":"2018-12-19T04:51:14.708Z"}
{"message":"Can't set headers after they are sent.","stack":"Error: Can't set headers after they are sent.\n    at validateHeader (_http_outgoing.js:491:11)\n    at ServerResponse.setHeader (_http_outgoing.js:498:3)\n    at ServerResponse.header (H:\\pawclub\\server\\node_modules\\express\\lib\\response.js:767:10)\n    at ServerResponse.send (H:\\pawclub\\server\\node_modules\\express\\lib\\response.js:170:12)\n    at ServerResponse.json (H:\\pawclub\\server\\node_modules\\express\\lib\\response.js:267:15)\n    at ServerResponse.send (H:\\pawclub\\server\\node_modules\\express\\lib\\response.js:158:21)\n    at exports.register (H:\\pawclub\\server\\controller\\users.js:52:22)\n    at <anonymous>\n    at process._tickCallback (internal/process/next_tick.js:188:7)","level":"error","timestamp":"2018-12-19T04:53:34.828Z"}
{"level":"info","message":"listening on port 3000","timestamp":"2018-12-19T04:59:42.688Z"}
{"level":"info","message":"connected to mongodb","timestamp":"2018-12-19T04:59:43.733Z"}
{"level":"info","message":"listening on port 3000","timestamp":"2018-12-19T04:59:54.336Z"}
{"level":"info","message":"connected to mongodb","timestamp":"2018-12-19T04:59:55.360Z"}
{"message":"secretOrPrivateKey must have a value","stack":"Error: secretOrPrivateKey must have a value\n    at Object.module.exports [as sign] (H:\\pawclub\\server\\node_modules\\jsonwebtoken\\sign.js:101:20)\n    at model.userSchema.methods.generateAuthToken (H:\\pawclub\\server\\models\\users.js:27:21)\n    at exports.register (H:\\pawclub\\server\\controller\\users.js:48:22)\n    at <anonymous>\n    at process._tickCallback (internal/process/next_tick.js:188:7)","level":"error","timestamp":"2018-12-19T05:01:11.816Z"}
{"level":"info","message":"listening on port 3000","timestamp":"2018-12-19T05:02:29.174Z"}
{"level":"info","message":"connected to mongodb","timestamp":"2018-12-19T05:02:30.220Z"}
{"message":"E11000 duplicate key error collection: pawclub.users index: phoneno_1 dup key: { : \"11122512111\" }","name":"MongoError","driver":true,"stack":"MongoError: E11000 duplicate key error collection: pawclub.users index: phoneno_1 dup key: { : \"11122512111\" }\n    at Function.MongoError.create (H:\\pawclub\\server\\node_modules\\mongodb-core\\lib\\error.js:49:10)\n    at toError (H:\\pawclub\\server\\node_modules\\mongodb\\lib\\utils.js:149:22)\n    at coll.s.topology.insert (H:\\pawclub\\server\\node_modules\\mongodb\\lib\\operations\\collection_ops.js:803:39)\n    at H:\\pawclub\\server\\node_modules\\mongodb-core\\lib\\connection\\pool.js:531:18\n    at _combinedTickCallback (internal/process/next_tick.js:131:7)\n    at process._tickCallback (internal/process/next_tick.js:180:9)","index":0,"code":11000,"errmsg":"E11000 duplicate key error collection: pawclub.users index: phoneno_1 dup key: { : \"11122512111\" }","level":"error","timestamp":"2018-12-19T05:02:59.715Z"}
{"level":"info","message":"listening on port 3000","timestamp":"2018-12-19T05:03:49.730Z"}
{"level":"info","message":"connected to mongodb","timestamp":"2018-12-19T05:03:50.759Z"}
{"message":"secretOrPrivateKey must have a value","stack":"Error: secretOrPrivateKey must have a value\n    at Object.module.exports [as sign] (H:\\pawclub\\server\\node_modules\\jsonwebtoken\\sign.js:101:20)\n    at model.userSchema.methods.generateAuthToken (H:\\pawclub\\server\\models\\users.js:27:21)\n    at exports.register (H:\\pawclub\\server\\controller\\users.js:48:22)\n    at <anonymous>\n    at process._tickCallback (internal/process/next_tick.js:188:7)","level":"error","timestamp":"2018-12-19T05:04:00.199Z"}
{"level":"info","message":"listening on port 3000","timestamp":"2018-12-19T05:05:06.518Z"}
{"level":"info","message":"connected to mongodb","timestamp":"2018-12-19T05:05:07.559Z"}
{"level":"info","message":"listening on port 3000","timestamp":"2018-12-19T05:05:15.310Z"}
{"level":"info","message":"connected to mongodb","timestamp":"2018-12-19T05:05:16.361Z"}
{"level":"info","message":"listening on port 3000","timestamp":"2018-12-19T05:12:24.361Z"}
{"level":"info","message":"listening on port 3000","timestamp":"2018-12-19T05:12:29.198Z"}
{"level":"info","message":"connected to mongodb","timestamp":"2018-12-19T05:12:30.242Z"}
{"level":"info","message":"listening on port 3000","timestamp":"2018-12-19T05:12:39.972Z"}
{"level":"info","message":"connected to mongodb","timestamp":"2018-12-19T05:12:41.015Z"}
{"message":"Cannot read property 'isAdmin' of undefined","stack":"TypeError: Cannot read property 'isAdmin' of undefined\n    at admin (H:\\pawclub\\server\\middelware\\admin.js:2:18)\n    at H:\\pawclub\\server\\node_modules\\express-async-errors\\index.js:17:17\n    at Layer.handle [as handle_request] (H:\\pawclub\\server\\node_modules\\express\\lib\\router\\layer.js:95:5)\n    at next (H:\\pawclub\\server\\node_modules\\express\\lib\\router\\route.js:137:13)\n    at Route.dispatch (H:\\pawclub\\server\\node_modules\\express\\lib\\router\\route.js:112:3)\n    at H:\\pawclub\\server\\node_modules\\express-async-errors\\index.js:17:17\n    at Layer.handle [as handle_request] (H:\\pawclub\\server\\node_modules\\express\\lib\\router\\layer.js:95:5)\n    at H:\\pawclub\\server\\node_modules\\express\\lib\\router\\index.js:281:22\n    at Function.process_params (H:\\pawclub\\server\\node_modules\\express\\lib\\router\\index.js:335:12)\n    at next (H:\\pawclub\\server\\node_modules\\express\\lib\\router\\index.js:275:10)\n    at Function.handle (H:\\pawclub\\server\\node_modules\\express\\lib\\router\\index.js:174:3)\n    at router (H:\\pawclub\\server\\node_modules\\express\\lib\\router\\index.js:47:12)\n    at H:\\pawclub\\server\\node_modules\\express-async-errors\\index.js:17:17\n    at Layer.handle [as handle_request] (H:\\pawclub\\server\\node_modules\\express\\lib\\router\\layer.js:95:5)\n    at trim_prefix (H:\\pawclub\\server\\node_modules\\express\\lib\\router\\index.js:317:13)\n    at H:\\pawclub\\server\\node_modules\\express\\lib\\router\\index.js:284:7","level":"error","timestamp":"2018-12-19T05:13:00.808Z"}
{"level":"info","message":"listening on port 3000","timestamp":"2018-12-19T05:16:00.502Z"}
{"level":"info","message":"connected to mongodb","timestamp":"2018-12-19T05:16:01.701Z"}
{"level":"info","message":"listening on port 3000","timestamp":"2018-12-19T05:21:08.260Z"}
{"level":"info","message":"connected to mongodb","timestamp":"2018-12-19T05:21:09.338Z"}
{"level":"info","message":"listening on port 3000","timestamp":"2018-12-19T05:22:40.402Z"}
{"level":"info","message":"connected to mongodb","timestamp":"2018-12-19T05:22:41.459Z"}
{"level":"info","message":"listening on port 3000","timestamp":"2018-12-19T05:23:15.851Z"}
{"level":"info","message":"connected to mongodb","timestamp":"2018-12-19T05:23:16.901Z"}
{"level":"info","message":"listening on port 3000","timestamp":"2018-12-19T05:28:25.554Z"}
{"level":"info","message":"connected to mongodb","timestamp":"2018-12-19T05:28:26.602Z"}
{"level":"info","message":"listening on port 3000","timestamp":"2018-12-19T05:29:09.721Z"}
{"level":"info","message":"connected to mongodb","timestamp":"2018-12-19T05:29:10.747Z"}
{"level":"info","message":"listening on port 3000","timestamp":"2018-12-19T05:32:36.473Z"}
{"level":"info","message":"connected to mongodb","timestamp":"2018-12-19T05:32:37.520Z"}
{"level":"info","message":"listening on port 3000","timestamp":"2018-12-19T05:36:17.543Z"}
{"level":"info","message":"connected to mongodb","timestamp":"2018-12-19T05:36:18.606Z"}
{"level":"info","message":"listening on port 3000","timestamp":"2018-12-19T05:37:20.556Z"}
{"level":"info","message":"connected to mongodb","timestamp":"2018-12-19T05:37:21.583Z"}
{"level":"info","message":"listening on port 3000","timestamp":"2018-12-19T05:39:27.481Z"}
{"level":"info","message":"connected to mongodb","timestamp":"2018-12-19T05:39:28.515Z"}
{"level":"info","message":"listening on port 3000","timestamp":"2018-12-19T05:41:02.456Z"}
{"level":"info","message":"connected to mongodb","timestamp":"2018-12-19T05:41:03.490Z"}
{"message":"Can't set headers after they are sent.","stack":"Error: Can't set headers after they are sent.\n    at validateHeader (_http_outgoing.js:491:11)\n    at ServerResponse.setHeader (_http_outgoing.js:498:3)\n    at ServerResponse.header (H:\\pawclub\\server\\node_modules\\express\\lib\\response.js:767:10)\n    at ServerResponse.send (H:\\pawclub\\server\\node_modules\\express\\lib\\response.js:170:12)\n    at ServerResponse.json (H:\\pawclub\\server\\node_modules\\express\\lib\\response.js:267:15)\n    at ServerResponse.send (H:\\pawclub\\server\\node_modules\\express\\lib\\response.js:158:21)\n    at exports.register (H:\\pawclub\\server\\controller\\users.js:52:22)\n    at <anonymous>\n    at process._tickCallback (internal/process/next_tick.js:188:7)","level":"error","timestamp":"2018-12-19T05:41:26.905Z"}
{"level":"info","message":"listening on port 3000","timestamp":"2018-12-19T05:41:59.893Z"}
{"level":"info","message":"connected to mongodb","timestamp":"2018-12-19T05:42:00.921Z"}
{"level":"info","message":"listening on port 3000","timestamp":"2018-12-19T05:42:24.705Z"}
{"level":"info","message":"connected to mongodb","timestamp":"2018-12-19T05:42:25.733Z"}
{"message":"Can't set headers after they are sent.","stack":"Error: Can't set headers after they are sent.\n    at validateHeader (_http_outgoing.js:491:11)\n    at ServerResponse.setHeader (_http_outgoing.js:498:3)\n    at ServerResponse.header (H:\\pawclub\\server\\node_modules\\express\\lib\\response.js:767:10)\n    at ServerResponse.send (H:\\pawclub\\server\\node_modules\\express\\lib\\response.js:170:12)\n    at ServerResponse.json (H:\\pawclub\\server\\node_modules\\express\\lib\\response.js:267:15)\n    at ServerResponse.send (H:\\pawclub\\server\\node_modules\\express\\lib\\response.js:158:21)\n    at exports.register (H:\\pawclub\\server\\controller\\users.js:52:22)\n    at <anonymous>\n    at process._tickCallback (internal/process/next_tick.js:188:7)","level":"error","timestamp":"2018-12-19T05:42:28.407Z"}
{"level":"info","message":"listening on port 3000","timestamp":"2018-12-19T05:44:46.813Z"}
{"level":"info","message":"connected to mongodb","timestamp":"2018-12-19T05:44:47.840Z"}
{"message":"Can't set headers after they are sent.","stack":"Error: Can't set headers after they are sent.\n    at validateHeader (_http_outgoing.js:491:11)\n    at ServerResponse.setHeader (_http_outgoing.js:498:3)\n    at ServerResponse.header (H:\\pawclub\\server\\node_modules\\express\\lib\\response.js:767:10)\n    at ServerResponse.send (H:\\pawclub\\server\\node_modules\\express\\lib\\response.js:170:12)\n    at ServerResponse.json (H:\\pawclub\\server\\node_modules\\express\\lib\\response.js:267:15)\n    at ServerResponse.send (H:\\pawclub\\server\\node_modules\\express\\lib\\response.js:158:21)\n    at exports.register (H:\\pawclub\\server\\controller\\users.js:52:22)\n    at <anonymous>\n    at process._tickCallback (internal/process/next_tick.js:188:7)","level":"error","timestamp":"2018-12-19T05:44:54.555Z"}
{"level":"info","message":"listening on port 3000","timestamp":"2018-12-19T05:46:58.377Z"}
{"level":"info","message":"connected to mongodb","timestamp":"2018-12-19T05:46:59.439Z"}
{"level":"info","message":"listening on port 3000","timestamp":"2018-12-19T05:47:35.873Z"}
{"level":"info","message":"connected to mongodb","timestamp":"2018-12-19T05:47:36.926Z"}
{"message":"Can't set headers after they are sent.","stack":"Error: Can't set headers after they are sent.\n    at validateHeader (_http_outgoing.js:491:11)\n    at ServerResponse.setHeader (_http_outgoing.js:498:3)\n    at ServerResponse.header (H:\\pawclub\\server\\node_modules\\express\\lib\\response.js:767:10)\n    at ServerResponse.send (H:\\pawclub\\server\\node_modules\\express\\lib\\response.js:170:12)\n    at ServerResponse.json (H:\\pawclub\\server\\node_modules\\express\\lib\\response.js:267:15)\n    at ServerResponse.send (H:\\pawclub\\server\\node_modules\\express\\lib\\response.js:158:21)\n    at exports.register (H:\\pawclub\\server\\controller\\users.js:52:22)\n    at <anonymous>\n    at process._tickCallback (internal/process/next_tick.js:188:7)","level":"error","timestamp":"2018-12-19T05:47:51.413Z"}
{"level":"info","message":"listening on port 3000","timestamp":"2018-12-19T05:48:38.192Z"}
{"level":"info","message":"connected to mongodb","timestamp":"2018-12-19T05:48:39.240Z"}
{"level":"info","message":"listening on port 3000","timestamp":"2018-12-19T05:49:17.537Z"}
{"level":"info","message":"connected to mongodb","timestamp":"2018-12-19T05:49:18.589Z"}
{"message":"Can't set headers after they are sent.","stack":"Error: Can't set headers after they are sent.\n    at validateHeader (_http_outgoing.js:491:11)\n    at ServerResponse.setHeader (_http_outgoing.js:498:3)\n    at ServerResponse.header (H:\\pawclub\\server\\node_modules\\express\\lib\\response.js:767:10)\n    at ServerResponse.send (H:\\pawclub\\server\\node_modules\\express\\lib\\response.js:170:12)\n    at ServerResponse.json (H:\\pawclub\\server\\node_modules\\express\\lib\\response.js:267:15)\n    at ServerResponse.send (H:\\pawclub\\server\\node_modules\\express\\lib\\response.js:158:21)\n    at exports.register (H:\\pawclub\\server\\controller\\users.js:52:22)\n    at <anonymous>\n    at process._tickCallback (internal/process/next_tick.js:188:7)","level":"error","timestamp":"2018-12-19T05:49:22.287Z"}
{"level":"info","message":"listening on port 3000","timestamp":"2018-12-19T05:50:15.680Z"}
{"level":"info","message":"connected to mongodb","timestamp":"2018-12-19T05:50:16.767Z"}
{"message":"Can't set headers after they are sent.","stack":"Error: Can't set headers after they are sent.\n    at validateHeader (_http_outgoing.js:491:11)\n    at ServerResponse.setHeader (_http_outgoing.js:498:3)\n    at ServerResponse.header (H:\\pawclub\\server\\node_modules\\express\\lib\\response.js:767:10)\n    at ServerResponse.send (H:\\pawclub\\server\\node_modules\\express\\lib\\response.js:170:12)\n    at ServerResponse.json (H:\\pawclub\\server\\node_modules\\express\\lib\\response.js:267:15)\n    at ServerResponse.send (H:\\pawclub\\server\\node_modules\\express\\lib\\response.js:158:21)\n    at exports.register (H:\\pawclub\\server\\controller\\users.js:52:22)\n    at <anonymous>\n    at process._tickCallback (internal/process/next_tick.js:188:7)","level":"error","timestamp":"2018-12-19T05:50:44.107Z"}
{"level":"info","message":"listening on port 3000","timestamp":"2018-12-19T05:51:56.088Z"}
{"level":"info","message":"connected to mongodb","timestamp":"2018-12-19T05:51:57.113Z"}
{"level":"info","message":"listening on port 3000","timestamp":"2018-12-19T05:53:15.282Z"}
{"level":"info","message":"connected to mongodb","timestamp":"2018-12-19T05:53:16.308Z"}
{"level":"info","message":"listening on port 3000","timestamp":"2018-12-19T05:53:41.577Z"}
{"level":"info","message":"connected to mongodb","timestamp":"2018-12-19T05:53:42.604Z"}
{"message":"confirm is not defined","stack":"ReferenceError: confirm is not defined\n    at validateUser (H:\\pawclub\\server\\models\\users.js:42:12)\n    at exports.register (H:\\pawclub\\server\\controller\\users.js:24:19)\n    at H:\\pawclub\\server\\node_modules\\express-async-errors\\index.js:17:17\n    at Layer.handle [as handle_request] (H:\\pawclub\\server\\node_modules\\express\\lib\\router\\layer.js:95:5)\n    at next (H:\\pawclub\\server\\node_modules\\express\\lib\\router\\route.js:137:13)\n    at Route.dispatch (H:\\pawclub\\server\\node_modules\\express\\lib\\router\\route.js:112:3)\n    at H:\\pawclub\\server\\node_modules\\express-async-errors\\index.js:17:17\n    at Layer.handle [as handle_request] (H:\\pawclub\\server\\node_modules\\express\\lib\\router\\layer.js:95:5)\n    at H:\\pawclub\\server\\node_modules\\express\\lib\\router\\index.js:281:22\n    at Function.process_params (H:\\pawclub\\server\\node_modules\\express\\lib\\router\\index.js:335:12)\n    at next (H:\\pawclub\\server\\node_modules\\express\\lib\\router\\index.js:275:10)\n    at Function.handle (H:\\pawclub\\server\\node_modules\\express\\lib\\router\\index.js:174:3)\n    at router (H:\\pawclub\\server\\node_modules\\express\\lib\\router\\index.js:47:12)\n    at H:\\pawclub\\server\\node_modules\\express-async-errors\\index.js:17:17\n    at Layer.handle [as handle_request] (H:\\pawclub\\server\\node_modules\\express\\lib\\router\\layer.js:95:5)\n    at trim_prefix (H:\\pawclub\\server\\node_modules\\express\\lib\\router\\index.js:317:13)","level":"error","timestamp":"2018-12-19T05:53:45.693Z"}
{"level":"info","message":"listening on port 3000","timestamp":"2018-12-19T05:54:15.777Z"}
{"level":"info","message":"connected to mongodb","timestamp":"2018-12-19T05:54:16.803Z"}
{"message":"data and salt arguments required","stack":"Error: data and salt arguments required\n    at Object.hash (H:\\pawclub\\server\\node_modules\\bcrypt\\bcrypt.js:138:17)\n    at H:\\pawclub\\server\\node_modules\\bcrypt\\promises.js:29:12\n    at new Promise (<anonymous>)\n    at Object.module.exports.promise (H:\\pawclub\\server\\node_modules\\bcrypt\\promises.js:20:12)\n    at Object.hash (H:\\pawclub\\server\\node_modules\\bcrypt\\bcrypt.js:134:25)\n    at exports.register (H:\\pawclub\\server\\controller\\users.js:46:37)\n    at <anonymous>","level":"error","timestamp":"2018-12-19T05:54:18.823Z"}
{"level":"info","message":"listening on port 3000","timestamp":"2018-12-19T05:54:30.512Z"}
{"level":"info","message":"connected to mongodb","timestamp":"2018-12-19T05:54:31.561Z"}
{"message":"Can't set headers after they are sent.","stack":"Error: Can't set headers after they are sent.\n    at validateHeader (_http_outgoing.js:491:11)\n    at ServerResponse.setHeader (_http_outgoing.js:498:3)\n    at ServerResponse.header (H:\\pawclub\\server\\node_modules\\express\\lib\\response.js:767:10)\n    at ServerResponse.send (H:\\pawclub\\server\\node_modules\\express\\lib\\response.js:170:12)\n    at ServerResponse.json (H:\\pawclub\\server\\node_modules\\express\\lib\\response.js:267:15)\n    at ServerResponse.send (H:\\pawclub\\server\\node_modules\\express\\lib\\response.js:158:21)\n    at exports.register (H:\\pawclub\\server\\controller\\users.js:52:22)\n    at <anonymous>\n    at process._tickCallback (internal/process/next_tick.js:188:7)","level":"error","timestamp":"2018-12-19T05:54:33.968Z"}
{"level":"info","message":"listening on port 3000","timestamp":"2018-12-19T05:58:59.140Z"}
{"level":"info","message":"connected to mongodb","timestamp":"2018-12-19T05:59:00.179Z"}
{"message":"user.generateAuthToken is not a function","stack":"TypeError: user.generateAuthToken is not a function\n    at exports.register (H:\\pawclub\\server\\controller\\users.js:48:22)\n    at <anonymous>\n    at process._tickCallback (internal/process/next_tick.js:188:7)","level":"error","timestamp":"2018-12-19T05:59:13.883Z"}
{"level":"info","message":"listening on port 3000","timestamp":"2018-12-19T05:59:32.685Z"}
{"level":"info","message":"connected to mongodb","timestamp":"2018-12-19T05:59:33.718Z"}
{"level":"info","message":"listening on port 3000","timestamp":"2018-12-19T06:21:56.456Z"}
{"level":"info","message":"listening on port 3000","timestamp":"2018-12-19T06:22:00.056Z"}
{"level":"info","message":"connected to mongodb","timestamp":"2018-12-19T06:22:01.109Z"}
{"level":"info","message":"listening on port 3000","timestamp":"2018-12-19T06:22:42.593Z"}
{"level":"info","message":"connected to mongodb","timestamp":"2018-12-19T06:22:43.622Z"}
{"level":"info","message":"listening on port 3000","timestamp":"2018-12-19T06:23:21.626Z"}
{"level":"info","message":"connected to mongodb","timestamp":"2018-12-19T06:23:22.677Z"}
{"level":"info","message":"listening on port 3000","timestamp":"2018-12-19T06:23:27.657Z"}
{"level":"info","message":"connected to mongodb","timestamp":"2018-12-19T06:23:28.701Z"}
{"level":"info","message":"listening on port 3000","timestamp":"2018-12-19T06:23:47.343Z"}
{"level":"info","message":"connected to mongodb","timestamp":"2018-12-19T06:23:48.392Z"}
{"level":"info","message":"listening on port 3000","timestamp":"2018-12-19T06:29:53.953Z"}
{"level":"info","message":"connected to mongodb","timestamp":"2018-12-19T06:29:55.002Z"}
{"level":"info","message":"listening on port 3000","timestamp":"2018-12-19T06:31:26.475Z"}
{"level":"info","message":"connected to mongodb","timestamp":"2018-12-19T06:31:27.575Z"}
{"level":"info","message":"listening on port 3000","timestamp":"2018-12-19T06:31:50.540Z"}
{"level":"info","message":"connected to mongodb","timestamp":"2018-12-19T06:31:51.600Z"}
{"level":"info","message":"listening on port 3000","timestamp":"2018-12-19T06:36:15.443Z"}
{"level":"info","message":"connected to mongodb","timestamp":"2018-12-19T06:36:16.505Z"}
{"level":"info","message":"listening on port 3000","timestamp":"2018-12-19T06:36:34.151Z"}
{"level":"info","message":"connected to mongodb","timestamp":"2018-12-19T06:36:35.245Z"}
{"level":"info","message":"listening on port 3000","timestamp":"2018-12-19T06:37:41.146Z"}
{"level":"info","message":"connected to mongodb","timestamp":"2018-12-19T06:37:42.195Z"}
{"level":"info","message":"listening on port 3000","timestamp":"2018-12-19T06:40:01.285Z"}
{"level":"info","message":"connected to mongodb","timestamp":"2018-12-19T06:40:02.314Z"}
{"level":"info","message":"listening on port 3000","timestamp":"2018-12-19T06:41:13.364Z"}
{"level":"info","message":"connected to mongodb","timestamp":"2018-12-19T06:41:14.397Z"}
{"message":"Can't set headers after they are sent.","stack":"Error: Can't set headers after they are sent.\n    at validateHeader (_http_outgoing.js:491:11)\n    at ServerResponse.setHeader (_http_outgoing.js:498:3)\n    at ServerResponse.header (H:\\pawclub\\server\\node_modules\\express\\lib\\response.js:767:10)\n    at ServerResponse.send (H:\\pawclub\\server\\node_modules\\express\\lib\\response.js:170:12)\n    at ServerResponse.json (H:\\pawclub\\server\\node_modules\\express\\lib\\response.js:267:15)\n    at ServerResponse.send (H:\\pawclub\\server\\node_modules\\express\\lib\\response.js:158:21)\n    at exports.register (H:\\pawclub\\server\\controller\\users.js:52:22)\n    at <anonymous>\n    at process._tickCallback (internal/process/next_tick.js:188:7)","level":"error","timestamp":"2018-12-19T06:41:22.611Z"}
{"level":"info","message":"listening on port 3000","timestamp":"2018-12-19T06:41:45.032Z"}
{"level":"info","message":"connected to mongodb","timestamp":"2018-12-19T06:41:46.063Z"}
{"level":"info","message":"listening on port 3000","timestamp":"2018-12-19T06:42:56.342Z"}
{"level":"info","message":"connected to mongodb","timestamp":"2018-12-19T06:42:57.400Z"}
{"level":"info","message":"listening on port 3000","timestamp":"2018-12-19T06:44:02.285Z"}
{"level":"info","message":"connected to mongodb","timestamp":"2018-12-19T06:44:03.327Z"}
{"level":"info","message":"listening on port 3000","timestamp":"2018-12-19T06:48:45.041Z"}
{"level":"info","message":"connected to mongodb","timestamp":"2018-12-19T06:48:46.076Z"}
{"level":"info","message":"listening on port 3000","timestamp":"2018-12-19T06:49:18.168Z"}
{"level":"info","message":"connected to mongodb","timestamp":"2018-12-19T06:49:19.201Z"}
{"level":"info","message":"listening on port 3000","timestamp":"2018-12-19T06:50:13.408Z"}
{"level":"info","message":"connected to mongodb","timestamp":"2018-12-19T06:50:14.458Z"}
{"level":"info","message":"listening on port 3000","timestamp":"2018-12-19T06:50:39.379Z"}
{"level":"info","message":"connected to mongodb","timestamp":"2018-12-19T06:50:40.434Z"}
{"level":"info","message":"listening on port 3000","timestamp":"2018-12-19T06:52:58.534Z"}
{"level":"info","message":"connected to mongodb","timestamp":"2018-12-19T06:52:59.583Z"}
{"message":"Error: req.flash() requires sessions","stack":"Error: Error: req.flash() requires sessions\n    at User.findOne.then.then.catch.err (H:\\pawclub\\server\\controller\\users.js:94:25)\n    at <anonymous>","httpStatusCode":500,"level":"error","timestamp":"2018-12-19T06:53:05.006Z"}
{"level":"info","message":"listening on port 3000","timestamp":"2018-12-19T06:53:34.299Z"}
{"level":"info","message":"connected to mongodb","timestamp":"2018-12-19T06:53:35.328Z"}
{"message":"TypeError: Cannot set property 'resetToken' of null","stack":"Error: TypeError: Cannot set property 'resetToken' of null\n    at User.findOne.then.then.catch.err (H:\\pawclub\\server\\controller\\users.js:94:25)\n    at <anonymous>","httpStatusCode":500,"level":"error","timestamp":"2018-12-19T06:53:37.255Z"}
{"level":"info","message":"listening on port 3000","timestamp":"2018-12-19T06:53:57.063Z"}
{"level":"info","message":"connected to mongodb","timestamp":"2018-12-19T06:53:58.112Z"}
{"level":"info","message":"listening on port 3000","timestamp":"2018-12-19T06:55:01.234Z"}
{"level":"info","message":"connected to mongodb","timestamp":"2018-12-19T06:55:02.278Z"}
{"message":"Error: Can't set headers after they are sent.","stack":"Error: Error: Can't set headers after they are sent.\n    at User.findOne.then.then.catch.err (H:\\pawclub\\server\\controller\\users.js:95:25)\n    at <anonymous>","httpStatusCode":500,"level":"error","timestamp":"2018-12-19T06:55:07.514Z"}
{"message":"ReferenceError: user is not defined","stack":"Error: ReferenceError: user is not defined\n    at User.findOne.then.then.catch.err (H:\\pawclub\\server\\controller\\users.js:95:25)\n    at <anonymous>\n    at process._tickCallback (internal/process/next_tick.js:188:7)","httpStatusCode":500,"level":"error","timestamp":"2018-12-19T06:55:12.139Z"}
{"level":"info","message":"listening on port 3000","timestamp":"2018-12-19T06:55:43.650Z"}
{"level":"info","message":"connected to mongodb","timestamp":"2018-12-19T06:55:44.678Z"}
{"level":"info","message":"listening on port 3000","timestamp":"2018-12-19T06:56:06.417Z"}
{"level":"info","message":"connected to mongodb","timestamp":"2018-12-19T06:56:07.461Z"}
{"level":"info","message":"listening on port 3000","timestamp":"2018-12-19T06:57:35.576Z"}
{"level":"info","message":"connected to mongodb","timestamp":"2018-12-19T06:57:36.630Z"}
{"level":"info","message":"listening on port 3000","timestamp":"2018-12-19T06:59:12.165Z"}
{"level":"info","message":"connected to mongodb","timestamp":"2018-12-19T06:59:13.196Z"}
{"level":"info","message":"listening on port 3000","timestamp":"2018-12-19T07:00:39.661Z"}
{"level":"info","message":"connected to mongodb","timestamp":"2018-12-19T07:00:40.694Z"}
{"level":"info","message":"listening on port 3000","timestamp":"2018-12-19T07:00:58.390Z"}
{"level":"info","message":"connected to mongodb","timestamp":"2018-12-19T07:00:59.430Z"}
{"level":"info","message":"listening on port 3000","timestamp":"2018-12-19T07:03:24.478Z"}
{"level":"info","message":"connected to mongodb","timestamp":"2018-12-19T07:03:25.567Z"}
{"level":"info","message":"listening on port 3000","timestamp":"2018-12-19T07:04:28.672Z"}
{"level":"info","message":"connected to mongodb","timestamp":"2018-12-19T07:04:29.735Z"}
{"level":"info","message":"listening on port 3000","timestamp":"2018-12-19T07:07:05.879Z"}
{"level":"info","message":"connected to mongodb","timestamp":"2018-12-19T07:07:06.926Z"}
{"level":"info","message":"listening on port 3000","timestamp":"2018-12-19T07:08:31.168Z"}
{"level":"info","message":"connected to mongodb","timestamp":"2018-12-19T07:08:32.223Z"}
{"level":"info","message":"listening on port 3000","timestamp":"2018-12-19T07:09:54.553Z"}
{"level":"info","message":"connected to mongodb","timestamp":"2018-12-19T07:09:55.619Z"}
{"level":"info","message":"listening on port 3000","timestamp":"2018-12-19T07:11:03.128Z"}
{"level":"info","message":"connected to mongodb","timestamp":"2018-12-19T07:11:04.168Z"}
{"level":"info","message":"listening on port 3000","timestamp":"2018-12-19T07:14:25.994Z"}
{"level":"info","message":"connected to mongodb","timestamp":"2018-12-19T07:14:27.061Z"}
{"level":"info","message":"listening on port 3000","timestamp":"2018-12-19T07:15:17.702Z"}
{"level":"info","message":"connected to mongodb","timestamp":"2018-12-19T07:15:18.756Z"}
{"level":"info","message":"listening on port 3000","timestamp":"2018-12-19T07:17:49.948Z"}
{"level":"info","message":"connected to mongodb","timestamp":"2018-12-19T07:17:50.993Z"}
{"level":"info","message":"listening on port 3000","timestamp":"2018-12-19T07:19:13.825Z"}
{"level":"info","message":"connected to mongodb","timestamp":"2018-12-19T07:19:14.878Z"}
{"level":"info","message":"listening on port 3000","timestamp":"2018-12-19T07:20:58.474Z"}
{"level":"info","message":"connected to mongodb","timestamp":"2018-12-19T07:20:59.518Z"}
{"level":"info","message":"listening on port 3000","timestamp":"2018-12-19T07:21:22.517Z"}
{"level":"info","message":"connected to mongodb","timestamp":"2018-12-19T07:21:23.558Z"}
{"level":"info","message":"listening on port 3000","timestamp":"2018-12-19T07:22:26.591Z"}
{"level":"info","message":"listening on port 3000","timestamp":"2018-12-19T07:22:30.210Z"}
{"level":"info","message":"connected to mongodb","timestamp":"2018-12-19T07:22:31.267Z"}
{"level":"info","message":"listening on port 3000","timestamp":"2018-12-19T07:22:59.799Z"}
{"level":"info","message":"connected to mongodb","timestamp":"2018-12-19T07:23:00.855Z"}
{"level":"info","message":"listening on port 3000","timestamp":"2018-12-19T07:23:14.098Z"}
{"level":"info","message":"connected to mongodb","timestamp":"2018-12-19T07:23:15.157Z"}
{"level":"info","message":"listening on port 3000","timestamp":"2018-12-19T07:29:23.354Z"}
{"level":"info","message":"connected to mongodb","timestamp":"2018-12-19T07:29:24.476Z"}
{"level":"info","message":"listening on port 3000","timestamp":"2018-12-19T07:29:52.298Z"}
{"level":"info","message":"connected to mongodb","timestamp":"2018-12-19T07:29:53.332Z"}
{"level":"info","message":"listening on port 3000","timestamp":"2018-12-19T07:30:45.808Z"}
{"level":"info","message":"connected to mongodb","timestamp":"2018-12-19T07:30:46.849Z"}
{"level":"info","message":"listening on port 3000","timestamp":"2018-12-19T07:30:54.915Z"}
{"level":"info","message":"connected to mongodb","timestamp":"2018-12-19T07:30:55.979Z"}
{"level":"info","message":"listening on port 3000","timestamp":"2018-12-19T07:33:09.022Z"}
{"level":"info","message":"connected to mongodb","timestamp":"2018-12-19T07:33:10.077Z"}
{"level":"info","message":"listening on port 3000","timestamp":"2018-12-19T07:34:16.085Z"}
{"level":"info","message":"connected to mongodb","timestamp":"2018-12-19T07:34:17.123Z"}
{"level":"info","message":"listening on port 3000","timestamp":"2018-12-19T07:34:49.619Z"}
{"level":"info","message":"connected to mongodb","timestamp":"2018-12-19T07:34:50.651Z"}
{"message":"Can't set headers after they are sent.","stack":"Error: Can't set headers after they are sent.\n    at validateHeader (_http_outgoing.js:491:11)\n    at ServerResponse.setHeader (_http_outgoing.js:498:3)\n    at ServerResponse.header (H:\\pawclub\\server\\node_modules\\express\\lib\\response.js:767:10)\n    at exports.register (H:\\pawclub\\server\\controller\\users.js:65:9)\n    at <anonymous>\n    at process._tickCallback (internal/process/next_tick.js:188:7)","level":"error","timestamp":"2018-12-19T07:35:56.376Z"}
{"level":"info","message":"listening on port 3000","timestamp":"2018-12-19T07:37:47.862Z"}
{"level":"info","message":"connected to mongodb","timestamp":"2018-12-19T07:37:48.892Z"}
{"level":"info","message":"listening on port 3000","timestamp":"2018-12-19T07:38:43.387Z"}
{"level":"info","message":"listening on port 3000","timestamp":"2018-12-19T07:38:47.066Z"}
{"level":"info","message":"connected to mongodb","timestamp":"2018-12-19T07:38:48.102Z"}
{"message":"Can't set headers after they are sent.","stack":"Error: Can't set headers after they are sent.\n    at validateHeader (_http_outgoing.js:491:11)\n    at ServerResponse.setHeader (_http_outgoing.js:498:3)\n    at ServerResponse.header (H:\\pawclub\\server\\node_modules\\express\\lib\\response.js:767:10)\n    at ServerResponse.send (H:\\pawclub\\server\\node_modules\\express\\lib\\response.js:170:12)\n    at ServerResponse.json (H:\\pawclub\\server\\node_modules\\express\\lib\\response.js:267:15)\n    at ServerResponse.send (H:\\pawclub\\server\\node_modules\\express\\lib\\response.js:158:21)\n    at exports.register (H:\\pawclub\\server\\controller\\users.js:58:22)\n    at <anonymous>\n    at process._tickCallback (internal/process/next_tick.js:188:7)","level":"error","timestamp":"2018-12-19T07:38:59.579Z"}
{"level":"info","message":"listening on port 3000","timestamp":"2018-12-19T07:40:08.673Z"}
{"level":"info","message":"connected to mongodb","timestamp":"2018-12-19T07:40:09.712Z"}
{"message":"Can't set headers after they are sent.","stack":"Error: Can't set headers after they are sent.\n    at validateHeader (_http_outgoing.js:491:11)\n    at ServerResponse.setHeader (_http_outgoing.js:498:3)\n    at ServerResponse.header (H:\\pawclub\\server\\node_modules\\express\\lib\\response.js:767:10)\n    at ServerResponse.send (H:\\pawclub\\server\\node_modules\\express\\lib\\response.js:170:12)\n    at exports.register (H:\\pawclub\\server\\controller\\users.js:58:9)\n    at <anonymous>\n    at process._tickCallback (internal/process/next_tick.js:188:7)","level":"error","timestamp":"2018-12-19T07:40:22.217Z"}
{"level":"info","message":"listening on port 3000","timestamp":"2018-12-19T07:41:12.665Z"}
{"level":"info","message":"connected to mongodb","timestamp":"2018-12-19T07:41:13.712Z"}
{"message":"Can't set headers after they are sent.","stack":"Error: Can't set headers after they are sent.\n    at validateHeader (_http_outgoing.js:491:11)\n    at ServerResponse.setHeader (_http_outgoing.js:498:3)\n    at ServerResponse.header (H:\\pawclub\\server\\node_modules\\express\\lib\\response.js:767:10)\n    at ServerResponse.send (H:\\pawclub\\server\\node_modules\\express\\lib\\response.js:170:12)\n    at ServerResponse.json (H:\\pawclub\\server\\node_modules\\express\\lib\\response.js:267:15)\n    at ServerResponse.send (H:\\pawclub\\server\\node_modules\\express\\lib\\response.js:158:21)\n    at exports.register (H:\\pawclub\\server\\controller\\users.js:58:22)\n    at <anonymous>\n    at process._tickCallback (internal/process/next_tick.js:188:7)","level":"error","timestamp":"2018-12-19T07:41:55.429Z"}
{"level":"info","message":"listening on port 3000","timestamp":"2018-12-19T07:42:29.279Z"}
{"level":"info","message":"connected to mongodb","timestamp":"2018-12-19T07:42:30.324Z"}
{"message":"Can't set headers after they are sent.","stack":"Error: Can't set headers after they are sent.\n    at validateHeader (_http_outgoing.js:491:11)\n    at ServerResponse.setHeader (_http_outgoing.js:498:3)\n    at ServerResponse.header (H:\\pawclub\\server\\node_modules\\express\\lib\\response.js:767:10)\n    at exports.register (H:\\pawclub\\server\\controller\\users.js:65:9)\n    at <anonymous>\n    at process._tickCallback (internal/process/next_tick.js:188:7)","level":"error","timestamp":"2018-12-19T07:42:49.009Z"}
{"level":"info","message":"listening on port 3000","timestamp":"2018-12-19T07:43:29.955Z"}
{"level":"info","message":"connected to mongodb","timestamp":"2018-12-19T07:43:30.997Z"}
{"message":"Can't set headers after they are sent.","stack":"Error: Can't set headers after they are sent.\n    at validateHeader (_http_outgoing.js:491:11)\n    at ServerResponse.setHeader (_http_outgoing.js:498:3)\n    at ServerResponse.header (H:\\pawclub\\server\\node_modules\\express\\lib\\response.js:767:10)\n    at ServerResponse.send (H:\\pawclub\\server\\node_modules\\express\\lib\\response.js:170:12)\n    at ServerResponse.json (H:\\pawclub\\server\\node_modules\\express\\lib\\response.js:267:15)\n    at ServerResponse.send (H:\\pawclub\\server\\node_modules\\express\\lib\\response.js:158:21)\n    at exports.register (H:\\pawclub\\server\\controller\\users.js:66:22)\n    at <anonymous>\n    at process._tickCallback (internal/process/next_tick.js:188:7)","level":"error","timestamp":"2018-12-19T07:43:39.967Z"}
{"level":"info","message":"listening on port 3000","timestamp":"2018-12-19T08:20:58.477Z"}
{"level":"info","message":"connected to mongodb","timestamp":"2018-12-19T08:20:59.507Z"}
{"message":"Can't set headers after they are sent.","stack":"Error: Can't set headers after they are sent.\n    at validateHeader (_http_outgoing.js:491:11)\n    at ServerResponse.setHeader (_http_outgoing.js:498:3)\n    at ServerResponse.header (H:\\pawclub\\server\\node_modules\\express\\lib\\response.js:767:10)\n    at ServerResponse.send (H:\\pawclub\\server\\node_modules\\express\\lib\\response.js:170:12)\n    at ServerResponse.json (H:\\pawclub\\server\\node_modules\\express\\lib\\response.js:267:15)\n    at ServerResponse.send (H:\\pawclub\\server\\node_modules\\express\\lib\\response.js:158:21)\n    at exports.register (H:\\pawclub\\server\\controller\\users.js:66:22)\n    at <anonymous>\n    at process._tickCallback (internal/process/next_tick.js:188:7)","level":"error","timestamp":"2018-12-19T08:23:07.495Z"}
{"level":"info","message":"listening on port 3000","timestamp":"2018-12-19T09:49:04.780Z"}
{"level":"info","message":"connected to mongodb","timestamp":"2018-12-19T09:49:05.818Z"}
{"level":"info","message":"listening on port 3000","timestamp":"2018-12-19T09:49:23.049Z"}
{"level":"info","message":"connected to mongodb","timestamp":"2018-12-19T09:49:24.088Z"}
{"level":"info","message":"listening on port 3000","timestamp":"2018-12-19T10:01:49.899Z"}
{"level":"info","message":"connected to mongodb","timestamp":"2018-12-19T10:01:50.954Z"}
{"message":"result is not defined","stack":"ReferenceError: result is not defined\n    at exports.register (H:\\pawclub\\server\\controller\\users.js:53:10)\n    at <anonymous>","level":"error","timestamp":"2018-12-19T10:02:12.955Z"}
{"level":"info","message":"listening on port 3000","timestamp":"2018-12-19T10:03:11.480Z"}
{"level":"info","message":"connected to mongodb","timestamp":"2018-12-19T10:03:12.536Z"}
{"message":"Can't set headers after they are sent.","stack":"Error: Can't set headers after they are sent.\n    at validateHeader (_http_outgoing.js:491:11)\n    at ServerResponse.setHeader (_http_outgoing.js:498:3)\n    at ServerResponse.header (H:\\pawclub\\server\\node_modules\\express\\lib\\response.js:767:10)\n    at ServerResponse.send (H:\\pawclub\\server\\node_modules\\express\\lib\\response.js:170:12)\n    at ServerResponse.json (H:\\pawclub\\server\\node_modules\\express\\lib\\response.js:267:15)\n    at ServerResponse.send (H:\\pawclub\\server\\node_modules\\express\\lib\\response.js:158:21)\n    at exports.register (H:\\pawclub\\server\\controller\\users.js:74:22)\n    at <anonymous>\n    at process._tickCallback (internal/process/next_tick.js:188:7)","level":"error","timestamp":"2018-12-19T10:03:23.323Z"}
{"level":"info","message":"listening on port 3000","timestamp":"2018-12-19T10:04:34.048Z"}
{"level":"info","message":"connected to mongodb","timestamp":"2018-12-19T10:04:35.087Z"}
{"level":"info","message":"listening on port 3000","timestamp":"2018-12-19T10:05:38.034Z"}
{"level":"info","message":"connected to mongodb","timestamp":"2018-12-19T10:05:39.061Z"}
{"message":"E11000 duplicate key error collection: pawclub.users index: phoneno_1 dup key: { : \"111332132111\" }","name":"MongoError","driver":true,"stack":"MongoError: E11000 duplicate key error collection: pawclub.users index: phoneno_1 dup key: { : \"111332132111\" }\n    at Function.MongoError.create (H:\\pawclub\\server\\node_modules\\mongodb-core\\lib\\error.js:49:10)\n    at toError (H:\\pawclub\\server\\node_modules\\mongodb\\lib\\utils.js:149:22)\n    at coll.s.topology.insert (H:\\pawclub\\server\\node_modules\\mongodb\\lib\\operations\\collection_ops.js:803:39)\n    at H:\\pawclub\\server\\node_modules\\mongodb-core\\lib\\connection\\pool.js:531:18\n    at _combinedTickCallback (internal/process/next_tick.js:131:7)\n    at process._tickCallback (internal/process/next_tick.js:180:9)","index":0,"code":11000,"errmsg":"E11000 duplicate key error collection: pawclub.users index: phoneno_1 dup key: { : \"111332132111\" }","level":"error","timestamp":"2018-12-19T10:06:40.570Z"}
{"message":"Can't set headers after they are sent.","stack":"Error: Can't set headers after they are sent.\n    at validateHeader (_http_outgoing.js:491:11)\n    at ServerResponse.setHeader (_http_outgoing.js:498:3)\n    at ServerResponse.header (H:\\pawclub\\server\\node_modules\\express\\lib\\response.js:767:10)\n    at ServerResponse.send (H:\\pawclub\\server\\node_modules\\express\\lib\\response.js:170:12)\n    at ServerResponse.json (H:\\pawclub\\server\\node_modules\\express\\lib\\response.js:267:15)\n    at ServerResponse.send (H:\\pawclub\\server\\node_modules\\express\\lib\\response.js:158:21)\n    at exports.register (H:\\pawclub\\server\\controller\\users.js:75:22)\n    at <anonymous>\n    at process._tickCallback (internal/process/next_tick.js:188:7)","level":"error","timestamp":"2018-12-19T10:07:02.617Z"}
{"level":"info","message":"listening on port 3000","timestamp":"2018-12-19T10:08:03.688Z"}
{"level":"info","message":"connected to mongodb","timestamp":"2018-12-19T10:08:04.737Z"}
{"message":"Can't set headers after they are sent.","stack":"Error: Can't set headers after they are sent.\n    at validateHeader (_http_outgoing.js:491:11)\n    at ServerResponse.setHeader (_http_outgoing.js:498:3)\n    at ServerResponse.header (H:\\pawclub\\server\\node_modules\\express\\lib\\response.js:767:10)\n    at ServerResponse.send (H:\\pawclub\\server\\node_modules\\express\\lib\\response.js:170:12)\n    at ServerResponse.json (H:\\pawclub\\server\\node_modules\\express\\lib\\response.js:267:15)\n    at ServerResponse.send (H:\\pawclub\\server\\node_modules\\express\\lib\\response.js:158:21)\n    at exports.register (H:\\pawclub\\server\\controller\\users.js:75:22)\n    at <anonymous>\n    at process._tickCallback (internal/process/next_tick.js:188:7)","level":"error","timestamp":"2018-12-19T10:08:31.930Z"}
{"level":"info","message":"listening on port 3000","timestamp":"2018-12-19T10:14:32.327Z"}
{"level":"info","message":"connected to mongodb","timestamp":"2018-12-19T10:14:33.374Z"}
{"level":"info","message":"listening on port 3000","timestamp":"2018-12-19T10:20:28.427Z"}
{"level":"info","message":"connected to mongodb","timestamp":"2018-12-19T10:20:29.478Z"}
{"level":"info","message":"listening on port 3000","timestamp":"2018-12-19T10:22:10.966Z"}
{"level":"info","message":"connected to mongodb","timestamp":"2018-12-19T10:22:12.013Z"}
{"level":"info","message":"listening on port 3000","timestamp":"2018-12-19T10:31:59.668Z"}
{"level":"info","message":"connected to mongodb","timestamp":"2018-12-19T10:32:00.728Z"}
{"level":"info","message":"listening on port 3000","timestamp":"2018-12-19T10:33:41.291Z"}
{"level":"info","message":"connected to mongodb","timestamp":"2018-12-19T10:33:42.340Z"}
{"level":"info","message":"listening on port 3000","timestamp":"2018-12-19T10:34:37.085Z"}
{"level":"info","message":"connected to mongodb","timestamp":"2018-12-19T10:34:38.152Z"}
{"level":"info","message":"listening on port 3000","timestamp":"2018-12-19T10:35:09.384Z"}
{"level":"info","message":"connected to mongodb","timestamp":"2018-12-19T10:35:10.452Z"}
{"level":"info","message":"listening on port 3000","timestamp":"2018-12-19T10:36:22.967Z"}
{"level":"info","message":"connected to mongodb","timestamp":"2018-12-19T10:36:23.991Z"}
{"level":"info","message":"listening on port 3000","timestamp":"2018-12-19T10:39:31.856Z"}
{"level":"info","message":"connected to mongodb","timestamp":"2018-12-19T10:39:32.920Z"}
{"level":"info","message":"listening on port 3000","timestamp":"2018-12-19T10:44:35.954Z"}
{"level":"info","message":"connected to mongodb","timestamp":"2018-12-19T10:44:37.005Z"}
{"message":"Can't set headers after they are sent.","stack":"Error: Can't set headers after they are sent.\n    at validateHeader (_http_outgoing.js:491:11)\n    at ServerResponse.setHeader (_http_outgoing.js:498:3)\n    at ServerResponse.header (H:\\pawclub\\server\\node_modules\\express\\lib\\response.js:767:10)\n    at ServerResponse.send (H:\\pawclub\\server\\node_modules\\express\\lib\\response.js:170:12)\n    at ServerResponse.json (H:\\pawclub\\server\\node_modules\\express\\lib\\response.js:267:15)\n    at ServerResponse.send (H:\\pawclub\\server\\node_modules\\express\\lib\\response.js:158:21)\n    at exports.register (H:\\pawclub\\server\\controller\\users.js:75:22)\n    at <anonymous>\n    at process._tickCallback (internal/process/next_tick.js:188:7)","level":"error","timestamp":"2018-12-19T10:45:05.950Z"}
{"level":"info","message":"listening on port 3000","timestamp":"2018-12-19T10:49:29.351Z"}
{"level":"info","message":"listening on port 3000","timestamp":"2018-12-19T10:49:33.139Z"}
{"level":"info","message":"connected to mongodb","timestamp":"2018-12-19T10:49:34.205Z"}
{"level":"info","message":"listening on port 3000","timestamp":"2018-12-19T10:49:51.421Z"}
{"level":"info","message":"connected to mongodb","timestamp":"2018-12-19T10:49:52.447Z"}
{"level":"info","message":"listening on port 3000","timestamp":"2018-12-19T10:50:20.848Z"}
{"level":"info","message":"connected to mongodb","timestamp":"2018-12-19T10:50:21.909Z"}
{"level":"info","message":"listening on port 3000","timestamp":"2018-12-19T10:51:00.514Z"}
{"level":"info","message":"connected to mongodb","timestamp":"2018-12-19T10:51:01.563Z"}
{"message":"E11000 duplicate key error collection: pawclub.users index: phoneno_1 dup key: { : \"1113322132111\" }","name":"MongoError","driver":true,"stack":"MongoError: E11000 duplicate key error collection: pawclub.users index: phoneno_1 dup key: { : \"1113322132111\" }\n    at Function.MongoError.create (H:\\pawclub\\server\\node_modules\\mongodb-core\\lib\\error.js:49:10)\n    at toError (H:\\pawclub\\server\\node_modules\\mongodb\\lib\\utils.js:149:22)\n    at coll.s.topology.insert (H:\\pawclub\\server\\node_modules\\mongodb\\lib\\operations\\collection_ops.js:803:39)\n    at H:\\pawclub\\server\\node_modules\\mongodb-core\\lib\\connection\\pool.js:531:18\n    at _combinedTickCallback (internal/process/next_tick.js:131:7)\n    at process._tickCallback (internal/process/next_tick.js:180:9)","index":0,"code":11000,"errmsg":"E11000 duplicate key error collection: pawclub.users index: phoneno_1 dup key: { : \"1113322132111\" }","level":"error","timestamp":"2018-12-19T10:52:05.087Z"}
{"level":"info","message":"listening on port 3000","timestamp":"2018-12-19T10:52:48.530Z"}
{"level":"info","message":"connected to mongodb","timestamp":"2018-12-19T10:52:49.589Z"}
{"level":"info","message":"listening on port 3000","timestamp":"2018-12-19T10:53:16.485Z"}
{"level":"info","message":"connected to mongodb","timestamp":"2018-12-19T10:53:17.519Z"}
{"level":"info","message":"listening on port 3000","timestamp":"2018-12-19T10:53:43.957Z"}
{"level":"info","message":"connected to mongodb","timestamp":"2018-12-19T10:53:45.017Z"}
{"message":"Can't set headers after they are sent.","stack":"Error: Can't set headers after they are sent.\n    at validateHeader (_http_outgoing.js:491:11)\n    at ServerResponse.setHeader (_http_outgoing.js:498:3)\n    at ServerResponse.header (H:\\pawclub\\server\\node_modules\\express\\lib\\response.js:767:10)\n    at ServerResponse.send (H:\\pawclub\\server\\node_modules\\express\\lib\\response.js:170:12)\n    at ServerResponse.json (H:\\pawclub\\server\\node_modules\\express\\lib\\response.js:267:15)\n    at ServerResponse.send (H:\\pawclub\\server\\node_modules\\express\\lib\\response.js:158:21)\n    at exports.register (H:\\pawclub\\server\\controller\\users.js:75:22)\n    at <anonymous>\n    at process._tickCallback (internal/process/next_tick.js:188:7)","level":"error","timestamp":"2018-12-19T10:53:52.244Z"}
{"level":"info","message":"listening on port 3000","timestamp":"2018-12-19T10:56:56.642Z"}
{"level":"info","message":"connected to mongodb","timestamp":"2018-12-19T10:56:57.701Z"}
{"level":"info","message":"listening on port 3000","timestamp":"2018-12-19T10:59:36.942Z"}
{"level":"info","message":"connected to mongodb","timestamp":"2018-12-19T10:59:37.998Z"}
{"level":"info","message":"listening on port 3000","timestamp":"2018-12-19T11:00:56.511Z"}
{"level":"info","message":"connected to mongodb","timestamp":"2018-12-19T11:00:57.554Z"}
{"message":"Can't set headers after they are sent.","stack":"Error: Can't set headers after they are sent.\n    at validateHeader (_http_outgoing.js:491:11)\n    at ServerResponse.setHeader (_http_outgoing.js:498:3)\n    at ServerResponse.header (H:\\pawclub\\server\\node_modules\\express\\lib\\response.js:767:10)\n    at ServerResponse.send (H:\\pawclub\\server\\node_modules\\express\\lib\\response.js:170:12)\n    at ServerResponse.json (H:\\pawclub\\server\\node_modules\\express\\lib\\response.js:267:15)\n    at ServerResponse.send (H:\\pawclub\\server\\node_modules\\express\\lib\\response.js:158:21)\n    at exports.register (H:\\pawclub\\server\\controller\\users.js:76:22)\n    at <anonymous>\n    at process._tickCallback (internal/process/next_tick.js:188:7)","level":"error","timestamp":"2018-12-19T11:01:42.474Z"}
{"level":"info","message":"listening on port 3000","timestamp":"2018-12-19T11:03:30.352Z"}
{"level":"info","message":"connected to mongodb","timestamp":"2018-12-19T11:03:31.431Z"}
{"message":"Can't set headers after they are sent.","stack":"Error: Can't set headers after they are sent.\n    at validateHeader (_http_outgoing.js:491:11)\n    at ServerResponse.setHeader (_http_outgoing.js:498:3)\n    at ServerResponse.header (H:\\pawclub\\server\\node_modules\\express\\lib\\response.js:767:10)\n    at ServerResponse.send (H:\\pawclub\\server\\node_modules\\express\\lib\\response.js:170:12)\n    at ServerResponse.json (H:\\pawclub\\server\\node_modules\\express\\lib\\response.js:267:15)\n    at ServerResponse.send (H:\\pawclub\\server\\node_modules\\express\\lib\\response.js:158:21)\n    at exports.register (H:\\pawclub\\server\\controller\\users.js:68:22)\n    at <anonymous>\n    at process._tickCallback (internal/process/next_tick.js:188:7)","level":"error","timestamp":"2018-12-19T11:04:33.510Z"}
{"level":"info","message":"listening on port 3000","timestamp":"2018-12-19T11:06:12.020Z"}
{"level":"info","message":"connected to mongodb","timestamp":"2018-12-19T11:06:13.079Z"}
{"message":"secretToken is not defined","stack":"ReferenceError: secretToken is not defined\n    at exports.register (H:\\pawclub\\server\\controller\\users.js:66:92)\n    at <anonymous>","level":"error","timestamp":"2018-12-19T11:06:46.029Z"}
{"level":"info","message":"listening on port 3000","timestamp":"2018-12-19T11:07:22.492Z"}
{"level":"info","message":"connected to mongodb","timestamp":"2018-12-19T11:07:23.553Z"}
{"message":"Can't set headers after they are sent.","stack":"Error: Can't set headers after they are sent.\n    at validateHeader (_http_outgoing.js:491:11)\n    at ServerResponse.setHeader (_http_outgoing.js:498:3)\n    at ServerResponse.header (H:\\pawclub\\server\\node_modules\\express\\lib\\response.js:767:10)\n    at ServerResponse.send (H:\\pawclub\\server\\node_modules\\express\\lib\\response.js:170:12)\n    at ServerResponse.json (H:\\pawclub\\server\\node_modules\\express\\lib\\response.js:267:15)\n    at ServerResponse.send (H:\\pawclub\\server\\node_modules\\express\\lib\\response.js:158:21)\n    at exports.register (H:\\pawclub\\server\\controller\\users.js:76:22)\n    at <anonymous>\n    at process._tickCallback (internal/process/next_tick.js:188:7)","level":"error","timestamp":"2018-12-19T11:07:30.047Z"}
{"level":"info","message":"listening on port 3000","timestamp":"2018-12-19T11:08:44.514Z"}
{"level":"info","message":"connected to mongodb","timestamp":"2018-12-19T11:08:45.575Z"}
{"level":"info","message":"listening on port 3000","timestamp":"2018-12-19T11:10:37.169Z"}
{"level":"info","message":"connected to mongodb","timestamp":"2018-12-19T11:10:38.233Z"}
{"message":"Can't set headers after they are sent.","stack":"Error: Can't set headers after they are sent.\n    at validateHeader (_http_outgoing.js:491:11)\n    at ServerResponse.setHeader (_http_outgoing.js:498:3)\n    at ServerResponse.header (H:\\pawclub\\server\\node_modules\\express\\lib\\response.js:767:10)\n    at ServerResponse.send (H:\\pawclub\\server\\node_modules\\express\\lib\\response.js:170:12)\n    at ServerResponse.json (H:\\pawclub\\server\\node_modules\\express\\lib\\response.js:267:15)\n    at ServerResponse.send (H:\\pawclub\\server\\node_modules\\express\\lib\\response.js:158:21)\n    at exports.register (H:\\pawclub\\server\\controller\\users.js:76:22)\n    at <anonymous>\n    at process._tickCallback (internal/process/next_tick.js:188:7)","level":"error","timestamp":"2018-12-19T11:11:04.721Z"}
{"level":"info","message":"listening on port 3000","timestamp":"2018-12-19T11:13:02.783Z"}
{"level":"info","message":"connected to mongodb","timestamp":"2018-12-19T11:13:03.815Z"}
{"message":"Can't set headers after they are sent.","stack":"Error: Can't set headers after they are sent.\n    at validateHeader (_http_outgoing.js:491:11)\n    at ServerResponse.setHeader (_http_outgoing.js:498:3)\n    at ServerResponse.header (H:\\pawclub\\server\\node_modules\\express\\lib\\response.js:767:10)\n    at ServerResponse.send (H:\\pawclub\\server\\node_modules\\express\\lib\\response.js:170:12)\n    at ServerResponse.json (H:\\pawclub\\server\\node_modules\\express\\lib\\response.js:267:15)\n    at ServerResponse.send (H:\\pawclub\\server\\node_modules\\express\\lib\\response.js:158:21)\n    at exports.register (H:\\pawclub\\server\\controller\\users.js:76:22)\n    at <anonymous>\n    at process._tickCallback (internal/process/next_tick.js:188:7)","level":"error","timestamp":"2018-12-19T11:13:32.908Z"}
{"level":"info","message":"listening on port 3000","timestamp":"2018-12-19T11:15:45.753Z"}
{"level":"info","message":"listening on port 3000","timestamp":"2018-12-19T11:15:49.040Z"}
{"level":"info","message":"connected to mongodb","timestamp":"2018-12-19T11:15:50.072Z"}
{"level":"info","message":"listening on port 3000","timestamp":"2018-12-19T11:23:09.210Z"}
{"level":"info","message":"connected to mongodb","timestamp":"2018-12-19T11:23:10.268Z"}
